[Info  - 12:17:20.262] Reading sessions from keychain...
[Info  - 12:17:20.307] Getting sessions for user:email...
[Info  - 12:17:20.359] Got 0 sessions for user:email...
[Info  - 12:17:20.381] Getting sessions for all scopes...
[Info  - 12:17:20.382] Got 0 sessions for ...
[Info  - 12:46:06.452] Getting sessions for read:user,repo,user:email,workflow...
[Info  - 12:46:06.452] Got 0 sessions for read:user,repo,user:email,workflow...
[Info  - 12:46:09.601] Logging in for the following scopes: read:user repo user:email workflow
[Info  - 12:46:09.604] Trying without local server... (read:user repo user:email workflow)
[Trace  - 12:46:32.597] Handling Uri...
[Info  - 12:46:32.597] Exchanging code for token...
[Info  - 12:46:33.40] Token exchange success!
[Info  - 12:46:33.42] Getting user info...
[Info  - 12:46:34.322] Got account info!
[Info  - 12:46:34.323] Storing 1 sessions...
[Info  - 12:46:34.380] Reading sessions from keychain...
[Info  - 12:46:34.381] Stored 1 sessions!
[Info  - 12:46:34.381] Login success!
[Info  - 12:46:34.388] Getting sessions for user:email...
[Trace  - 12:46:34.388] Token acquired from secret storage.
[Info  - 12:46:34.388] Got stored sessions!
[Trace  - 12:46:34.388] Read the following session from the keychain with the following scopes: read:user repo user:email workflow
[Info  - 12:46:34.388] Got 1 verified sessions.
[Info  - 12:46:34.388] Got 0 sessions for user:email...
[Info  - 12:46:34.391] Getting sessions for read:user,repo,user:email...
[Info  - 12:46:34.391] Got 0 sessions for read:user,repo,user:email...
