[2022-11-17T13:05:04.530Z] Niveau de journal : Info
[2022-11-17T13:05:04.534Z] [info] Validation du git trouvé dans : git
[2022-11-17T13:05:04.557Z] [info] Utilisation de git 2.37.3 à partir de git
[2022-11-17T13:05:04.581Z] > git rev-parse --show-toplevel [4ms]
[2022-11-17T13:05:04.615Z] > git rev-parse --git-dir --git-common-dir [26ms]
[2022-11-17T13:05:04.621Z] [info] Open repository: /home/kst_off
[2022-11-17T13:05:04.857Z] > git status -z -uall [229ms]
[2022-11-17T13:05:05.137Z] > git check-ignore -v -z --stdin [1ms]
[2022-11-17T13:05:08.330Z] > git symbolic-ref --short HEAD [1ms]
[2022-11-17T13:05:08.336Z] > git for-each-ref --format=%(refname)%00%(upstream:short)%00%(objectname)%00%(upstream:track)%00%(upstream:remotename)%00%(upstream:remoteref) refs/heads/main refs/remotes/main [2ms]
[2022-11-17T13:05:08.347Z] > git for-each-ref --sort -committerdate --format %(refname) %(objectname) %(*objectname) [6ms]
[2022-11-17T13:05:08.347Z] > git remote --verbose [2ms]
[2022-11-17T13:05:09.282Z] > git config --get commit.template [802ms]
[2022-11-17T13:05:09.369Z] > git status -z -uall [80ms]
[2022-11-17T13:05:09.370Z] > git symbolic-ref --short HEAD [2ms]
[2022-11-17T13:05:09.377Z] > git for-each-ref --format=%(refname)%00%(upstream:short)%00%(objectname)%00%(upstream:track)%00%(upstream:remotename)%00%(upstream:remoteref) refs/heads/main refs/remotes/main [1ms]
[2022-11-17T13:05:09.392Z] > git for-each-ref --sort -committerdate --format %(refname) %(objectname) %(*objectname) [8ms]
[2022-11-17T13:05:09.392Z] > git remote --verbose [1ms]
[2022-11-17T13:05:09.486Z] > git config --get commit.template [3ms]
[2022-11-17T13:05:13.581Z] > git check-ignore -v -z --stdin [1ms]
[2022-11-17T13:06:22.755Z] > git add -A -- . [55988ms]
[2022-11-17T13:06:22.755Z] warning: dépôt git embarqué ajouté : .local/share/Trash/files
astuce: You've added another git repository inside your current repository.
astuce: Clones of the outer repository will not contain the contents of
astuce: the embedded repository and will not know how to obtain it.
astuce: If you meant to add a submodule, use:
astuce: 
astuce: 	git submodule add <url> .local/share/Trash/files
astuce: 
astuce: If you added this path by mistake, you can remove it from the
astuce: index with:
astuce: 
astuce: 	git rm --cached .local/share/Trash/files
astuce: 
astuce: See "git help submodule" for more information.
fatal: fstat de '.mozilla/firefox/lgmk41s3.default-release/storage/permanent/chrome/idb/1657114595AmcateirvtiSty.sqlite-wal' impossible: Aucun fichier ou dossier de ce type
[2022-11-17T13:07:16.785Z] > git add -A -- . [18996ms]
[2022-11-17T13:07:16.785Z] warning: dépôt git embarqué ajouté : .local/share/Trash/files
astuce: You've added another git repository inside your current repository.
astuce: Clones of the outer repository will not contain the contents of
astuce: the embedded repository and will not know how to obtain it.
astuce: If you meant to add a submodule, use:
astuce: 
astuce: 	git submodule add <url> .local/share/Trash/files
astuce: 
astuce: If you added this path by mistake, you can remove it from the
astuce: index with:
astuce: 
astuce: 	git rm --cached .local/share/Trash/files
astuce: 
astuce: See "git help submodule" for more information.
[2022-11-17T13:07:17.081Z] > git -c user.useConfigOnly=true commit --quiet --allow-empty-message --file - [291ms]
[2022-11-17T13:07:17.172Z] > git status -z -uall [82ms]
[2022-11-17T13:07:17.179Z] > git symbolic-ref --short HEAD [1ms]
[2022-11-17T13:07:17.187Z] > git for-each-ref --format=%(refname)%00%(upstream:short)%00%(objectname)%00%(upstream:track)%00%(upstream:remotename)%00%(upstream:remoteref) refs/heads/main refs/remotes/main [1ms]
[2022-11-17T13:07:17.201Z] > git remote --verbose [1ms]
[2022-11-17T13:07:17.202Z] > git for-each-ref --sort -committerdate --format %(refname) %(objectname) %(*objectname) [8ms]
[2022-11-17T13:07:17.248Z] > git config --get commit.template [2ms]
[2022-11-17T13:07:17.259Z] > git config --get commit.template [1ms]
[2022-11-17T13:07:19.190Z] > git status -z -uall [118ms]
[2022-11-17T13:07:19.202Z] > git symbolic-ref --short HEAD [2ms]
[2022-11-17T13:07:19.213Z] > git for-each-ref --format=%(refname)%00%(upstream:short)%00%(objectname)%00%(upstream:track)%00%(upstream:remotename)%00%(upstream:remoteref) refs/heads/main refs/remotes/main [3ms]
[2022-11-17T13:07:19.232Z] > git for-each-ref --sort -committerdate --format %(refname) %(objectname) %(*objectname) [11ms]
[2022-11-17T13:07:19.235Z] > git remote --verbose [4ms]
[2022-11-17T13:07:19.248Z] > git config --get commit.template [2ms]
[2022-11-17T13:07:46.793Z] > git status -z -uall [114ms]
[2022-11-17T13:07:46.799Z] > git symbolic-ref --short HEAD [1ms]
[2022-11-17T13:07:46.806Z] > git for-each-ref --format=%(refname)%00%(upstream:short)%00%(objectname)%00%(upstream:track)%00%(upstream:remotename)%00%(upstream:remoteref) refs/heads/main refs/remotes/main [2ms]
[2022-11-17T13:07:46.818Z] > git for-each-ref --sort -committerdate --format %(refname) %(objectname) %(*objectname) [6ms]
[2022-11-17T13:07:46.819Z] > git remote --verbose [2ms]
[2022-11-17T13:07:46.830Z] > git config --get commit.template [2ms]
[2022-11-17T13:07:51.954Z] > git status -z -uall [118ms]
[2022-11-17T13:07:51.960Z] > git symbolic-ref --short HEAD [1ms]
[2022-11-17T13:07:51.967Z] > git for-each-ref --format=%(refname)%00%(upstream:short)%00%(objectname)%00%(upstream:track)%00%(upstream:remotename)%00%(upstream:remoteref) refs/heads/main refs/remotes/main [1ms]
[2022-11-17T13:07:51.980Z] > git for-each-ref --sort -committerdate --format %(refname) %(objectname) %(*objectname) [6ms]
[2022-11-17T13:07:51.980Z] > git remote --verbose [1ms]
[2022-11-17T13:07:51.989Z] > git config --get commit.template [1ms]
[2022-11-17T13:07:57.182Z] > git status -z -uall [187ms]
[2022-11-17T13:07:57.197Z] > git symbolic-ref --short HEAD [3ms]
[2022-11-17T13:07:57.213Z] > git for-each-ref --format=%(refname)%00%(upstream:short)%00%(objectname)%00%(upstream:track)%00%(upstream:remotename)%00%(upstream:remoteref) refs/heads/main refs/remotes/main [6ms]
[2022-11-17T13:07:57.234Z] > git for-each-ref --sort -committerdate --format %(refname) %(objectname) %(*objectname) [11ms]
[2022-11-17T13:07:57.241Z] > git remote --verbose [8ms]
[2022-11-17T13:07:57.258Z] > git config --get commit.template [3ms]
[2022-11-17T13:08:02.527Z] > git status -z -uall [258ms]
[2022-11-17T13:08:02.544Z] > git symbolic-ref --short HEAD [3ms]
[2022-11-17T13:08:02.558Z] > git for-each-ref --format=%(refname)%00%(upstream:short)%00%(objectname)%00%(upstream:track)%00%(upstream:remotename)%00%(upstream:remoteref) refs/heads/main refs/remotes/main [4ms]
[2022-11-17T13:08:02.581Z] > git for-each-ref --sort -committerdate --format %(refname) %(objectname) %(*objectname) [14ms]
[2022-11-17T13:08:02.584Z] > git remote --verbose [4ms]
[2022-11-17T13:08:02.617Z] > git config --get commit.template [4ms]
[2022-11-17T13:08:07.882Z] > git status -z -uall [254ms]
[2022-11-17T13:08:07.894Z] > git symbolic-ref --short HEAD [2ms]
[2022-11-17T13:08:07.909Z] > git for-each-ref --format=%(refname)%00%(upstream:short)%00%(objectname)%00%(upstream:track)%00%(upstream:remotename)%00%(upstream:remoteref) refs/heads/main refs/remotes/main [5ms]
[2022-11-17T13:08:07.931Z] > git for-each-ref --sort -committerdate --format %(refname) %(objectname) %(*objectname) [14ms]
[2022-11-17T13:08:07.932Z] > git remote --verbose [3ms]
[2022-11-17T13:08:07.950Z] > git config --get commit.template [3ms]
[2022-11-17T13:08:13.111Z] > git status -z -uall [155ms]
[2022-11-17T13:08:13.118Z] > git symbolic-ref --short HEAD [2ms]
[2022-11-17T13:08:13.126Z] > git for-each-ref --format=%(refname)%00%(upstream:short)%00%(objectname)%00%(upstream:track)%00%(upstream:remotename)%00%(upstream:remoteref) refs/heads/main refs/remotes/main [2ms]
[2022-11-17T13:08:13.138Z] > git for-each-ref --sort -committerdate --format %(refname) %(objectname) %(*objectname) [7ms]
[2022-11-17T13:08:13.139Z] > git remote --verbose [2ms]
[2022-11-17T13:08:13.150Z] > git config --get commit.template [2ms]
[2022-11-17T13:08:18.279Z] > git status -z -uall [123ms]
[2022-11-17T13:08:18.286Z] > git symbolic-ref --short HEAD [2ms]
[2022-11-17T13:08:18.292Z] > git for-each-ref --format=%(refname)%00%(upstream:short)%00%(objectname)%00%(upstream:track)%00%(upstream:remotename)%00%(upstream:remoteref) refs/heads/main refs/remotes/main [1ms]
[2022-11-17T13:08:18.306Z] > git remote --verbose [1ms]
[2022-11-17T13:08:18.306Z] > git for-each-ref --sort -committerdate --format %(refname) %(objectname) %(*objectname) [9ms]
[2022-11-17T13:08:18.316Z] > git config --get commit.template [1ms]
[2022-11-17T13:08:23.437Z] > git status -z -uall [115ms]
[2022-11-17T13:08:23.444Z] > git symbolic-ref --short HEAD [2ms]
[2022-11-17T13:08:23.450Z] > git for-each-ref --format=%(refname)%00%(upstream:short)%00%(objectname)%00%(upstream:track)%00%(upstream:remotename)%00%(upstream:remoteref) refs/heads/main refs/remotes/main [2ms]
[2022-11-17T13:08:23.463Z] > git for-each-ref --sort -committerdate --format %(refname) %(objectname) %(*objectname) [7ms]
[2022-11-17T13:08:23.463Z] > git remote --verbose [1ms]
[2022-11-17T13:08:23.476Z] > git config --get commit.template [2ms]
[2022-11-17T13:08:28.586Z] > git status -z -uall [105ms]
[2022-11-17T13:08:28.592Z] > git symbolic-ref --short HEAD [1ms]
[2022-11-17T13:08:28.598Z] > git for-each-ref --format=%(refname)%00%(upstream:short)%00%(objectname)%00%(upstream:track)%00%(upstream:remotename)%00%(upstream:remoteref) refs/heads/main refs/remotes/main [1ms]
[2022-11-17T13:08:28.610Z] > git for-each-ref --sort -committerdate --format %(refname) %(objectname) %(*objectname) [6ms]
[2022-11-17T13:08:28.610Z] > git remote --verbose [1ms]
[2022-11-17T13:08:28.621Z] > git config --get commit.template [2ms]
[2022-11-17T13:08:33.735Z] > git status -z -uall [107ms]
[2022-11-17T13:08:33.741Z] > git symbolic-ref --short HEAD [1ms]
[2022-11-17T13:08:33.747Z] > git for-each-ref --format=%(refname)%00%(upstream:short)%00%(objectname)%00%(upstream:track)%00%(upstream:remotename)%00%(upstream:remoteref) refs/heads/main refs/remotes/main [1ms]
[2022-11-17T13:08:33.758Z] > git for-each-ref --sort -committerdate --format %(refname) %(objectname) %(*objectname) [5ms]
[2022-11-17T13:08:33.759Z] > git remote --verbose [1ms]
[2022-11-17T13:08:33.770Z] > git config --get commit.template [2ms]
[2022-11-17T13:08:38.882Z] > git status -z -uall [106ms]
[2022-11-17T13:08:38.890Z] > git symbolic-ref --short HEAD [2ms]
[2022-11-17T13:08:38.896Z] > git for-each-ref --format=%(refname)%00%(upstream:short)%00%(objectname)%00%(upstream:track)%00%(upstream:remotename)%00%(upstream:remoteref) refs/heads/main refs/remotes/main [1ms]
[2022-11-17T13:08:38.908Z] > git for-each-ref --sort -committerdate --format %(refname) %(objectname) %(*objectname) [6ms]
[2022-11-17T13:08:38.908Z] > git remote --verbose [1ms]
[2022-11-17T13:08:38.919Z] > git config --get commit.template [2ms]
[2022-11-17T13:08:44.039Z] > git status -z -uall [109ms]
[2022-11-17T13:08:44.045Z] > git symbolic-ref --short HEAD [1ms]
[2022-11-17T13:08:44.052Z] > git for-each-ref --format=%(refname)%00%(upstream:short)%00%(objectname)%00%(upstream:track)%00%(upstream:remotename)%00%(upstream:remoteref) refs/heads/main refs/remotes/main [2ms]
[2022-11-17T13:08:44.063Z] > git for-each-ref --sort -committerdate --format %(refname) %(objectname) %(*objectname) [6ms]
[2022-11-17T13:08:44.064Z] > git remote --verbose [2ms]
[2022-11-17T13:08:44.075Z] > git config --get commit.template [2ms]
[2022-11-17T13:08:49.190Z] > git status -z -uall [109ms]
[2022-11-17T13:08:49.196Z] > git symbolic-ref --short HEAD [1ms]
[2022-11-17T13:08:49.203Z] > git for-each-ref --format=%(refname)%00%(upstream:short)%00%(objectname)%00%(upstream:track)%00%(upstream:remotename)%00%(upstream:remoteref) refs/heads/main refs/remotes/main [1ms]
[2022-11-17T13:08:49.214Z] > git for-each-ref --sort -committerdate --format %(refname) %(objectname) %(*objectname) [6ms]
[2022-11-17T13:08:49.215Z] > git remote --verbose [2ms]
[2022-11-17T13:08:49.225Z] > git config --get commit.template [1ms]
[2022-11-17T13:08:54.355Z] > git status -z -uall [119ms]
[2022-11-17T13:08:54.361Z] > git symbolic-ref --short HEAD [1ms]
[2022-11-17T13:08:54.369Z] > git for-each-ref --format=%(refname)%00%(upstream:short)%00%(objectname)%00%(upstream:track)%00%(upstream:remotename)%00%(upstream:remoteref) refs/heads/main refs/remotes/main [2ms]
[2022-11-17T13:08:54.379Z] > git for-each-ref --sort -committerdate --format %(refname) %(objectname) %(*objectname) [5ms]
[2022-11-17T13:08:54.380Z] > git remote --verbose [2ms]
[2022-11-17T13:08:54.390Z] > git config --get commit.template [1ms]
[2022-11-17T13:08:59.532Z] > git status -z -uall [124ms]
[2022-11-17T13:08:59.539Z] > git symbolic-ref --short HEAD [1ms]
[2022-11-17T13:08:59.545Z] > git for-each-ref --format=%(refname)%00%(upstream:short)%00%(objectname)%00%(upstream:track)%00%(upstream:remotename)%00%(upstream:remoteref) refs/heads/main refs/remotes/main [1ms]
[2022-11-17T13:08:59.557Z] > git for-each-ref --sort -committerdate --format %(refname) %(objectname) %(*objectname) [6ms]
[2022-11-17T13:08:59.558Z] > git remote --verbose [2ms]
[2022-11-17T13:08:59.567Z] > git config --get commit.template [1ms]
[2022-11-17T13:09:04.687Z] > git status -z -uall [114ms]
[2022-11-17T13:09:04.693Z] > git symbolic-ref --short HEAD [1ms]
[2022-11-17T13:09:04.701Z] > git for-each-ref --format=%(refname)%00%(upstream:short)%00%(objectname)%00%(upstream:track)%00%(upstream:remotename)%00%(upstream:remoteref) refs/heads/main refs/remotes/main [2ms]
[2022-11-17T13:09:04.711Z] > git for-each-ref --sort -committerdate --format %(refname) %(objectname) %(*objectname) [5ms]
[2022-11-17T13:09:04.711Z] > git remote --verbose [1ms]
[2022-11-17T13:09:04.721Z] > git config --get commit.template [1ms]
[2022-11-17T13:09:09.841Z] > git status -z -uall [112ms]
[2022-11-17T13:09:09.848Z] > git symbolic-ref --short HEAD [2ms]
[2022-11-17T13:09:09.854Z] > git for-each-ref --format=%(refname)%00%(upstream:short)%00%(objectname)%00%(upstream:track)%00%(upstream:remotename)%00%(upstream:remoteref) refs/heads/main refs/remotes/main [1ms]
[2022-11-17T13:09:09.865Z] > git for-each-ref --sort -committerdate --format %(refname) %(objectname) %(*objectname) [6ms]
[2022-11-17T13:09:09.865Z] > git remote --verbose [1ms]
[2022-11-17T13:09:09.874Z] > git config --get commit.template [1ms]
[2022-11-17T13:09:14.998Z] > git status -z -uall [115ms]
[2022-11-17T13:09:15.004Z] > git symbolic-ref --short HEAD [1ms]
[2022-11-17T13:09:15.011Z] > git for-each-ref --format=%(refname)%00%(upstream:short)%00%(objectname)%00%(upstream:track)%00%(upstream:remotename)%00%(upstream:remoteref) refs/heads/main refs/remotes/main [2ms]
[2022-11-17T13:09:15.021Z] > git for-each-ref --sort -committerdate --format %(refname) %(objectname) %(*objectname) [5ms]
[2022-11-17T13:09:15.022Z] > git remote --verbose [1ms]
[2022-11-17T13:09:15.031Z] > git config --get commit.template [1ms]
[2022-11-17T13:09:20.154Z] > git status -z -uall [108ms]
[2022-11-17T13:09:20.160Z] > git symbolic-ref --short HEAD [1ms]
[2022-11-17T13:09:20.168Z] > git for-each-ref --format=%(refname)%00%(upstream:short)%00%(objectname)%00%(upstream:track)%00%(upstream:remotename)%00%(upstream:remoteref) refs/heads/main refs/remotes/main [2ms]
[2022-11-17T13:09:20.179Z] > git for-each-ref --sort -committerdate --format %(refname) %(objectname) %(*objectname) [6ms]
[2022-11-17T13:09:20.179Z] > git remote --verbose [1ms]
[2022-11-17T13:09:20.188Z] > git config --get commit.template [1ms]
[2022-11-17T13:09:25.313Z] > git status -z -uall [109ms]
[2022-11-17T13:09:25.319Z] > git symbolic-ref --short HEAD [1ms]
[2022-11-17T13:09:25.325Z] > git for-each-ref --format=%(refname)%00%(upstream:short)%00%(objectname)%00%(upstream:track)%00%(upstream:remotename)%00%(upstream:remoteref) refs/heads/main refs/remotes/main [2ms]
[2022-11-17T13:09:25.336Z] > git for-each-ref --sort -committerdate --format %(refname) %(objectname) %(*objectname) [5ms]
[2022-11-17T13:09:25.336Z] > git remote --verbose [1ms]
[2022-11-17T13:09:25.346Z] > git config --get commit.template [2ms]
[2022-11-17T13:09:30.465Z] > git status -z -uall [109ms]
[2022-11-17T13:09:30.471Z] > git symbolic-ref --short HEAD [1ms]
[2022-11-17T13:09:30.478Z] > git for-each-ref --format=%(refname)%00%(upstream:short)%00%(objectname)%00%(upstream:track)%00%(upstream:remotename)%00%(upstream:remoteref) refs/heads/main refs/remotes/main [2ms]
[2022-11-17T13:09:30.489Z] > git for-each-ref --sort -committerdate --format %(refname) %(objectname) %(*objectname) [6ms]
[2022-11-17T13:09:30.489Z] > git remote --verbose [1ms]
[2022-11-17T13:09:30.501Z] > git config --get commit.template [2ms]
[2022-11-17T13:09:35.631Z] > git status -z -uall [119ms]
[2022-11-17T13:09:35.637Z] > git symbolic-ref --short HEAD [1ms]
[2022-11-17T13:09:35.644Z] > git for-each-ref --format=%(refname)%00%(upstream:short)%00%(objectname)%00%(upstream:track)%00%(upstream:remotename)%00%(upstream:remoteref) refs/heads/main refs/remotes/main [2ms]
[2022-11-17T13:09:35.654Z] > git for-each-ref --sort -committerdate --format %(refname) %(objectname) %(*objectname) [5ms]
[2022-11-17T13:09:35.654Z] > git remote --verbose [1ms]
[2022-11-17T13:09:35.663Z] > git config --get commit.template [1ms]
[2022-11-17T13:09:40.787Z] > git status -z -uall [112ms]
[2022-11-17T13:09:40.794Z] > git symbolic-ref --short HEAD [2ms]
[2022-11-17T13:09:40.800Z] > git for-each-ref --format=%(refname)%00%(upstream:short)%00%(objectname)%00%(upstream:track)%00%(upstream:remotename)%00%(upstream:remoteref) refs/heads/main refs/remotes/main [2ms]
[2022-11-17T13:09:40.810Z] > git for-each-ref --sort -committerdate --format %(refname) %(objectname) %(*objectname) [5ms]
[2022-11-17T13:09:40.811Z] > git remote --verbose [1ms]
[2022-11-17T13:09:40.820Z] > git config --get commit.template [2ms]
[2022-11-17T13:09:45.929Z] > git status -z -uall [103ms]
[2022-11-17T13:09:45.935Z] > git symbolic-ref --short HEAD [1ms]
[2022-11-17T13:09:45.942Z] > git for-each-ref --format=%(refname)%00%(upstream:short)%00%(objectname)%00%(upstream:track)%00%(upstream:remotename)%00%(upstream:remoteref) refs/heads/main refs/remotes/main [2ms]
[2022-11-17T13:09:45.952Z] > git for-each-ref --sort -committerdate --format %(refname) %(objectname) %(*objectname) [5ms]
[2022-11-17T13:09:45.953Z] > git remote --verbose [1ms]
[2022-11-17T13:09:45.964Z] > git config --get commit.template [1ms]
[2022-11-17T13:09:51.097Z] > git status -z -uall [116ms]
[2022-11-17T13:09:51.103Z] > git symbolic-ref --short HEAD [1ms]
[2022-11-17T13:09:51.110Z] > git for-each-ref --format=%(refname)%00%(upstream:short)%00%(objectname)%00%(upstream:track)%00%(upstream:remotename)%00%(upstream:remoteref) refs/heads/main refs/remotes/main [2ms]
[2022-11-17T13:09:51.120Z] > git for-each-ref --sort -committerdate --format %(refname) %(objectname) %(*objectname) [6ms]
[2022-11-17T13:09:51.120Z] > git remote --verbose [1ms]
[2022-11-17T13:09:51.129Z] > git config --get commit.template [1ms]
[2022-11-17T13:09:56.253Z] > git status -z -uall [112ms]
[2022-11-17T13:09:56.260Z] > git symbolic-ref --short HEAD [1ms]
[2022-11-17T13:09:56.267Z] > git for-each-ref --format=%(refname)%00%(upstream:short)%00%(objectname)%00%(upstream:track)%00%(upstream:remotename)%00%(upstream:remoteref) refs/heads/main refs/remotes/main [2ms]
[2022-11-17T13:09:56.277Z] > git for-each-ref --sort -committerdate --format %(refname) %(objectname) %(*objectname) [6ms]
[2022-11-17T13:09:56.277Z] > git remote --verbose [1ms]
[2022-11-17T13:09:56.286Z] > git config --get commit.template [1ms]
[2022-11-17T13:10:01.413Z] > git status -z -uall [117ms]
[2022-11-17T13:10:01.420Z] > git symbolic-ref --short HEAD [1ms]
[2022-11-17T13:10:01.427Z] > git for-each-ref --format=%(refname)%00%(upstream:short)%00%(objectname)%00%(upstream:track)%00%(upstream:remotename)%00%(upstream:remoteref) refs/heads/main refs/remotes/main [2ms]
[2022-11-17T13:10:01.437Z] > git for-each-ref --sort -committerdate --format %(refname) %(objectname) %(*objectname) [5ms]
[2022-11-17T13:10:01.437Z] > git remote --verbose [1ms]
[2022-11-17T13:10:01.446Z] > git config --get commit.template [1ms]
[2022-11-17T13:10:06.579Z] > git status -z -uall [114ms]
[2022-11-17T13:10:06.585Z] > git symbolic-ref --short HEAD [1ms]
[2022-11-17T13:10:06.592Z] > git for-each-ref --format=%(refname)%00%(upstream:short)%00%(objectname)%00%(upstream:track)%00%(upstream:remotename)%00%(upstream:remoteref) refs/heads/main refs/remotes/main [2ms]
[2022-11-17T13:10:06.603Z] > git for-each-ref --sort -committerdate --format %(refname) %(objectname) %(*objectname) [6ms]
[2022-11-17T13:10:06.603Z] > git remote --verbose [1ms]
[2022-11-17T13:10:06.612Z] > git config --get commit.template [1ms]
[2022-11-17T13:10:11.752Z] > git status -z -uall [118ms]
[2022-11-17T13:10:11.758Z] > git symbolic-ref --short HEAD [1ms]
[2022-11-17T13:10:11.765Z] > git for-each-ref --format=%(refname)%00%(upstream:short)%00%(objectname)%00%(upstream:track)%00%(upstream:remotename)%00%(upstream:remoteref) refs/heads/main refs/remotes/main [2ms]
[2022-11-17T13:10:11.776Z] > git for-each-ref --sort -committerdate --format %(refname) %(objectname) %(*objectname) [7ms]
[2022-11-17T13:10:11.776Z] > git remote --verbose [1ms]
[2022-11-17T13:10:11.784Z] > git config --get commit.template [1ms]
[2022-11-17T13:10:16.938Z] > git status -z -uall [136ms]
[2022-11-17T13:10:16.944Z] > git symbolic-ref --short HEAD [1ms]
[2022-11-17T13:10:16.951Z] > git for-each-ref --format=%(refname)%00%(upstream:short)%00%(objectname)%00%(upstream:track)%00%(upstream:remotename)%00%(upstream:remoteref) refs/heads/main refs/remotes/main [2ms]
[2022-11-17T13:10:16.962Z] > git for-each-ref --sort -committerdate --format %(refname) %(objectname) %(*objectname) [6ms]
[2022-11-17T13:10:16.962Z] > git remote --verbose [1ms]
[2022-11-17T13:10:16.971Z] > git config --get commit.template [1ms]
[2022-11-17T13:10:22.099Z] > git status -z -uall [112ms]
[2022-11-17T13:10:22.106Z] > git symbolic-ref --short HEAD [2ms]
[2022-11-17T13:10:22.112Z] > git for-each-ref --format=%(refname)%00%(upstream:short)%00%(objectname)%00%(upstream:track)%00%(upstream:remotename)%00%(upstream:remoteref) refs/heads/main refs/remotes/main [1ms]
[2022-11-17T13:10:22.123Z] > git for-each-ref --sort -committerdate --format %(refname) %(objectname) %(*objectname) [6ms]
[2022-11-17T13:10:22.123Z] > git remote --verbose [1ms]
[2022-11-17T13:10:22.133Z] > git config --get commit.template [1ms]
[2022-11-17T13:10:27.251Z] > git status -z -uall [108ms]
[2022-11-17T13:10:27.258Z] > git symbolic-ref --short HEAD [1ms]
[2022-11-17T13:10:27.264Z] > git for-each-ref --format=%(refname)%00%(upstream:short)%00%(objectname)%00%(upstream:track)%00%(upstream:remotename)%00%(upstream:remoteref) refs/heads/main refs/remotes/main [1ms]
[2022-11-17T13:10:27.276Z] > git for-each-ref --sort -committerdate --format %(refname) %(objectname) %(*objectname) [7ms]
[2022-11-17T13:10:27.276Z] > git remote --verbose [1ms]
[2022-11-17T13:10:27.285Z] > git config --get commit.template [1ms]
[2022-11-17T13:10:32.415Z] > git status -z -uall [119ms]
[2022-11-17T13:10:32.422Z] > git symbolic-ref --short HEAD [1ms]
[2022-11-17T13:10:32.429Z] > git for-each-ref --format=%(refname)%00%(upstream:short)%00%(objectname)%00%(upstream:track)%00%(upstream:remotename)%00%(upstream:remoteref) refs/heads/main refs/remotes/main [1ms]
[2022-11-17T13:10:32.441Z] > git for-each-ref --sort -committerdate --format %(refname) %(objectname) %(*objectname) [7ms]
[2022-11-17T13:10:32.441Z] > git remote --verbose [1ms]
[2022-11-17T13:10:32.450Z] > git config --get commit.template [1ms]
[2022-11-17T13:10:37.571Z] > git status -z -uall [110ms]
[2022-11-17T13:10:37.578Z] > git symbolic-ref --short HEAD [1ms]
[2022-11-17T13:10:37.584Z] > git for-each-ref --format=%(refname)%00%(upstream:short)%00%(objectname)%00%(upstream:track)%00%(upstream:remotename)%00%(upstream:remoteref) refs/heads/main refs/remotes/main [2ms]
[2022-11-17T13:10:37.595Z] > git for-each-ref --sort -committerdate --format %(refname) %(objectname) %(*objectname) [5ms]
[2022-11-17T13:10:37.595Z] > git remote --verbose [1ms]
[2022-11-17T13:10:37.605Z] > git config --get commit.template [1ms]
[2022-11-17T13:10:42.724Z] > git status -z -uall [111ms]
[2022-11-17T13:10:42.730Z] > git symbolic-ref --short HEAD [1ms]
[2022-11-17T13:10:42.737Z] > git for-each-ref --format=%(refname)%00%(upstream:short)%00%(objectname)%00%(upstream:track)%00%(upstream:remotename)%00%(upstream:remoteref) refs/heads/main refs/remotes/main [2ms]
[2022-11-17T13:10:42.747Z] > git for-each-ref --sort -committerdate --format %(refname) %(objectname) %(*objectname) [5ms]
[2022-11-17T13:10:42.747Z] > git remote --verbose [1ms]
[2022-11-17T13:10:42.758Z] > git config --get commit.template [1ms]
[2022-11-17T13:10:47.885Z] > git status -z -uall [111ms]
[2022-11-17T13:10:47.892Z] > git symbolic-ref --short HEAD [1ms]
[2022-11-17T13:10:47.898Z] > git for-each-ref --format=%(refname)%00%(upstream:short)%00%(objectname)%00%(upstream:track)%00%(upstream:remotename)%00%(upstream:remoteref) refs/heads/main refs/remotes/main [2ms]
[2022-11-17T13:10:47.910Z] > git for-each-ref --sort -committerdate --format %(refname) %(objectname) %(*objectname) [6ms]
[2022-11-17T13:10:47.911Z] > git remote --verbose [2ms]
[2022-11-17T13:10:47.920Z] > git config --get commit.template [2ms]
[2022-11-17T13:10:53.051Z] > git status -z -uall [114ms]
[2022-11-17T13:10:53.058Z] > git symbolic-ref --short HEAD [1ms]
[2022-11-17T13:10:53.064Z] > git for-each-ref --format=%(refname)%00%(upstream:short)%00%(objectname)%00%(upstream:track)%00%(upstream:remotename)%00%(upstream:remoteref) refs/heads/main refs/remotes/main [2ms]
[2022-11-17T13:10:53.076Z] > git remote --verbose [0ms]
[2022-11-17T13:10:53.077Z] > git for-each-ref --sort -committerdate --format %(refname) %(objectname) %(*objectname) [8ms]
[2022-11-17T13:10:53.086Z] > git config --get commit.template [1ms]
[2022-11-17T13:10:58.220Z] > git status -z -uall [122ms]
[2022-11-17T13:10:58.226Z] > git symbolic-ref --short HEAD [1ms]
[2022-11-17T13:10:58.233Z] > git for-each-ref --format=%(refname)%00%(upstream:short)%00%(objectname)%00%(upstream:track)%00%(upstream:remotename)%00%(upstream:remoteref) refs/heads/main refs/remotes/main [2ms]
[2022-11-17T13:10:58.245Z] > git for-each-ref --sort -committerdate --format %(refname) %(objectname) %(*objectname) [7ms]
[2022-11-17T13:10:58.245Z] > git remote --verbose [1ms]
[2022-11-17T13:10:58.255Z] > git config --get commit.template [2ms]
[2022-11-17T13:11:03.376Z] > git status -z -uall [112ms]
[2022-11-17T13:11:03.382Z] > git symbolic-ref --short HEAD [2ms]
[2022-11-17T13:11:03.389Z] > git for-each-ref --format=%(refname)%00%(upstream:short)%00%(objectname)%00%(upstream:track)%00%(upstream:remotename)%00%(upstream:remoteref) refs/heads/main refs/remotes/main [1ms]
[2022-11-17T13:11:03.398Z] > git for-each-ref --sort -committerdate --format %(refname) %(objectname) %(*objectname) [5ms]
[2022-11-17T13:11:03.398Z] > git remote --verbose [1ms]
[2022-11-17T13:11:03.408Z] > git config --get commit.template [2ms]
[2022-11-17T13:11:08.535Z] > git status -z -uall [112ms]
[2022-11-17T13:11:08.541Z] > git symbolic-ref --short HEAD [1ms]
[2022-11-17T13:11:08.546Z] > git for-each-ref --format=%(refname)%00%(upstream:short)%00%(objectname)%00%(upstream:track)%00%(upstream:remotename)%00%(upstream:remoteref) refs/heads/main refs/remotes/main [1ms]
[2022-11-17T13:11:08.558Z] > git for-each-ref --sort -committerdate --format %(refname) %(objectname) %(*objectname) [5ms]
[2022-11-17T13:11:08.558Z] > git remote --verbose [1ms]
[2022-11-17T13:11:08.568Z] > git config --get commit.template [3ms]
[2022-11-17T13:11:13.698Z] > git status -z -uall [113ms]
[2022-11-17T13:11:13.704Z] > git symbolic-ref --short HEAD [1ms]
[2022-11-17T13:11:13.710Z] > git for-each-ref --format=%(refname)%00%(upstream:short)%00%(objectname)%00%(upstream:track)%00%(upstream:remotename)%00%(upstream:remoteref) refs/heads/main refs/remotes/main [2ms]
[2022-11-17T13:11:13.721Z] > git for-each-ref --sort -committerdate --format %(refname) %(objectname) %(*objectname) [6ms]
[2022-11-17T13:11:13.721Z] > git remote --verbose [1ms]
[2022-11-17T13:11:13.730Z] > git config --get commit.template [2ms]
[2022-11-17T13:11:18.858Z] > git status -z -uall [112ms]
[2022-11-17T13:11:18.864Z] > git symbolic-ref --short HEAD [1ms]
[2022-11-17T13:11:18.870Z] > git for-each-ref --format=%(refname)%00%(upstream:short)%00%(objectname)%00%(upstream:track)%00%(upstream:remotename)%00%(upstream:remoteref) refs/heads/main refs/remotes/main [1ms]
[2022-11-17T13:11:18.880Z] > git for-each-ref --sort -committerdate --format %(refname) %(objectname) %(*objectname) [5ms]
[2022-11-17T13:11:18.881Z] > git remote --verbose [2ms]
[2022-11-17T13:11:18.890Z] > git config --get commit.template [1ms]
[2022-11-17T13:11:24.036Z] > git status -z -uall [136ms]
[2022-11-17T13:11:24.042Z] > git symbolic-ref --short HEAD [1ms]
[2022-11-17T13:11:24.048Z] > git for-each-ref --format=%(refname)%00%(upstream:short)%00%(objectname)%00%(upstream:track)%00%(upstream:remotename)%00%(upstream:remoteref) refs/heads/main refs/remotes/main [1ms]
[2022-11-17T13:11:24.058Z] > git for-each-ref --sort -committerdate --format %(refname) %(objectname) %(*objectname) [5ms]
[2022-11-17T13:11:24.058Z] > git remote --verbose [1ms]
[2022-11-17T13:11:24.069Z] > git config --get commit.template [1ms]
[2022-11-17T13:11:29.197Z] > git status -z -uall [119ms]
[2022-11-17T13:11:29.203Z] > git symbolic-ref --short HEAD [1ms]
[2022-11-17T13:11:29.209Z] > git for-each-ref --format=%(refname)%00%(upstream:short)%00%(objectname)%00%(upstream:track)%00%(upstream:remotename)%00%(upstream:remoteref) refs/heads/main refs/remotes/main [2ms]
[2022-11-17T13:11:29.219Z] > git for-each-ref --sort -committerdate --format %(refname) %(objectname) %(*objectname) [5ms]
[2022-11-17T13:11:29.220Z] > git remote --verbose [1ms]
[2022-11-17T13:11:29.230Z] > git config --get commit.template [3ms]
[2022-11-17T13:11:34.360Z] > git status -z -uall [121ms]
[2022-11-17T13:11:34.367Z] > git symbolic-ref --short HEAD [1ms]
[2022-11-17T13:11:34.373Z] > git for-each-ref --format=%(refname)%00%(upstream:short)%00%(objectname)%00%(upstream:track)%00%(upstream:remotename)%00%(upstream:remoteref) refs/heads/main refs/remotes/main [2ms]
[2022-11-17T13:11:34.383Z] > git for-each-ref --sort -committerdate --format %(refname) %(objectname) %(*objectname) [6ms]
[2022-11-17T13:11:34.383Z] > git remote --verbose [1ms]
[2022-11-17T13:11:34.392Z] > git config --get commit.template [1ms]
[2022-11-17T13:11:39.516Z] > git status -z -uall [114ms]
[2022-11-17T13:11:39.521Z] > git symbolic-ref --short HEAD [1ms]
[2022-11-17T13:11:39.528Z] > git for-each-ref --format=%(refname)%00%(upstream:short)%00%(objectname)%00%(upstream:track)%00%(upstream:remotename)%00%(upstream:remoteref) refs/heads/main refs/remotes/main [2ms]
[2022-11-17T13:11:39.538Z] > git for-each-ref --sort -committerdate --format %(refname) %(objectname) %(*objectname) [5ms]
[2022-11-17T13:11:39.538Z] > git remote --verbose [1ms]
[2022-11-17T13:11:39.548Z] > git config --get commit.template [1ms]
[2022-11-17T13:11:44.663Z] > git status -z -uall [109ms]
[2022-11-17T13:11:44.669Z] > git symbolic-ref --short HEAD [1ms]
[2022-11-17T13:11:44.675Z] > git for-each-ref --format=%(refname)%00%(upstream:short)%00%(objectname)%00%(upstream:track)%00%(upstream:remotename)%00%(upstream:remoteref) refs/heads/main refs/remotes/main [2ms]
[2022-11-17T13:11:44.685Z] > git for-each-ref --sort -committerdate --format %(refname) %(objectname) %(*objectname) [5ms]
[2022-11-17T13:11:44.687Z] > git remote --verbose [2ms]
[2022-11-17T13:11:44.696Z] > git config --get commit.template [2ms]
[2022-11-17T13:11:49.814Z] > git status -z -uall [112ms]
[2022-11-17T13:11:49.819Z] > git symbolic-ref --short HEAD [1ms]
[2022-11-17T13:11:49.826Z] > git for-each-ref --format=%(refname)%00%(upstream:short)%00%(objectname)%00%(upstream:track)%00%(upstream:remotename)%00%(upstream:remoteref) refs/heads/main refs/remotes/main [2ms]
[2022-11-17T13:11:49.836Z] > git for-each-ref --sort -committerdate --format %(refname) %(objectname) %(*objectname) [5ms]
[2022-11-17T13:11:49.836Z] > git remote --verbose [1ms]
[2022-11-17T13:11:49.845Z] > git config --get commit.template [2ms]
[2022-11-17T13:11:54.964Z] > git status -z -uall [110ms]
[2022-11-17T13:11:54.970Z] > git symbolic-ref --short HEAD [2ms]
[2022-11-17T13:11:54.976Z] > git for-each-ref --format=%(refname)%00%(upstream:short)%00%(objectname)%00%(upstream:track)%00%(upstream:remotename)%00%(upstream:remoteref) refs/heads/main refs/remotes/main [2ms]
[2022-11-17T13:11:54.986Z] > git for-each-ref --sort -committerdate --format %(refname) %(objectname) %(*objectname) [5ms]
[2022-11-17T13:11:54.986Z] > git remote --verbose [1ms]
[2022-11-17T13:11:54.997Z] > git config --get commit.template [3ms]
[2022-11-17T13:12:00.112Z] > git status -z -uall [110ms]
[2022-11-17T13:12:00.118Z] > git symbolic-ref --short HEAD [1ms]
[2022-11-17T13:12:00.123Z] > git for-each-ref --format=%(refname)%00%(upstream:short)%00%(objectname)%00%(upstream:track)%00%(upstream:remotename)%00%(upstream:remoteref) refs/heads/main refs/remotes/main [1ms]
[2022-11-17T13:12:00.134Z] > git for-each-ref --sort -committerdate --format %(refname) %(objectname) %(*objectname) [5ms]
[2022-11-17T13:12:00.134Z] > git remote --verbose [1ms]
[2022-11-17T13:12:00.144Z] > git config --get commit.template [2ms]
[2022-11-17T13:12:05.260Z] > git status -z -uall [107ms]
[2022-11-17T13:12:05.266Z] > git symbolic-ref --short HEAD [1ms]
[2022-11-17T13:12:05.272Z] > git for-each-ref --format=%(refname)%00%(upstream:short)%00%(objectname)%00%(upstream:track)%00%(upstream:remotename)%00%(upstream:remoteref) refs/heads/main refs/remotes/main [2ms]
[2022-11-17T13:12:05.283Z] > git for-each-ref --sort -committerdate --format %(refname) %(objectname) %(*objectname) [6ms]
[2022-11-17T13:12:05.283Z] > git remote --verbose [1ms]
[2022-11-17T13:12:05.295Z] > git config --get commit.template [2ms]
[2022-11-17T13:12:10.414Z] > git status -z -uall [109ms]
[2022-11-17T13:12:10.419Z] > git symbolic-ref --short HEAD [0ms]
[2022-11-17T13:12:10.428Z] > git for-each-ref --format=%(refname)%00%(upstream:short)%00%(objectname)%00%(upstream:track)%00%(upstream:remotename)%00%(upstream:remoteref) refs/heads/main refs/remotes/main [2ms]
[2022-11-17T13:12:10.437Z] > git for-each-ref --sort -committerdate --format %(refname) %(objectname) %(*objectname) [5ms]
[2022-11-17T13:12:10.437Z] > git remote --verbose [1ms]
[2022-11-17T13:12:10.448Z] > git config --get commit.template [2ms]
[2022-11-17T13:12:15.597Z] > git status -z -uall [133ms]
[2022-11-17T13:12:15.602Z] > git symbolic-ref --short HEAD [1ms]
[2022-11-17T13:12:15.609Z] > git for-each-ref --format=%(refname)%00%(upstream:short)%00%(objectname)%00%(upstream:track)%00%(upstream:remotename)%00%(upstream:remoteref) refs/heads/main refs/remotes/main [2ms]
[2022-11-17T13:12:15.620Z] > git for-each-ref --sort -committerdate --format %(refname) %(objectname) %(*objectname) [6ms]
[2022-11-17T13:12:15.620Z] > git remote --verbose [2ms]
[2022-11-17T13:12:15.630Z] > git config --get commit.template [1ms]
[2022-11-17T13:12:20.747Z] > git status -z -uall [110ms]
[2022-11-17T13:12:20.753Z] > git symbolic-ref --short HEAD [1ms]
[2022-11-17T13:12:20.760Z] > git for-each-ref --format=%(refname)%00%(upstream:short)%00%(objectname)%00%(upstream:track)%00%(upstream:remotename)%00%(upstream:remoteref) refs/heads/main refs/remotes/main [1ms]
[2022-11-17T13:12:20.770Z] > git for-each-ref --sort -committerdate --format %(refname) %(objectname) %(*objectname) [5ms]
[2022-11-17T13:12:20.770Z] > git remote --verbose [1ms]
[2022-11-17T13:12:20.780Z] > git config --get commit.template [2ms]
[2022-11-17T13:12:25.897Z] > git status -z -uall [111ms]
[2022-11-17T13:12:25.903Z] > git symbolic-ref --short HEAD [1ms]
[2022-11-17T13:12:25.910Z] > git for-each-ref --format=%(refname)%00%(upstream:short)%00%(objectname)%00%(upstream:track)%00%(upstream:remotename)%00%(upstream:remoteref) refs/heads/main refs/remotes/main [2ms]
[2022-11-17T13:12:25.920Z] > git for-each-ref --sort -committerdate --format %(refname) %(objectname) %(*objectname) [5ms]
[2022-11-17T13:12:25.920Z] > git remote --verbose [1ms]
[2022-11-17T13:12:25.930Z] > git config --get commit.template [2ms]
[2022-11-17T13:12:31.056Z] > git status -z -uall [111ms]
[2022-11-17T13:12:31.062Z] > git symbolic-ref --short HEAD [1ms]
[2022-11-17T13:12:31.068Z] > git for-each-ref --format=%(refname)%00%(upstream:short)%00%(objectname)%00%(upstream:track)%00%(upstream:remotename)%00%(upstream:remoteref) refs/heads/main refs/remotes/main [2ms]
[2022-11-17T13:12:31.079Z] > git for-each-ref --sort -committerdate --format %(refname) %(objectname) %(*objectname) [6ms]
[2022-11-17T13:12:31.079Z] > git remote --verbose [1ms]
[2022-11-17T13:12:31.089Z] > git config --get commit.template [2ms]
[2022-11-17T13:12:36.234Z] > git status -z -uall [126ms]
[2022-11-17T13:12:36.240Z] > git symbolic-ref --short HEAD [1ms]
[2022-11-17T13:12:36.247Z] > git for-each-ref --format=%(refname)%00%(upstream:short)%00%(objectname)%00%(upstream:track)%00%(upstream:remotename)%00%(upstream:remoteref) refs/heads/main refs/remotes/main [2ms]
[2022-11-17T13:12:36.257Z] > git for-each-ref --sort -committerdate --format %(refname) %(objectname) %(*objectname) [6ms]
[2022-11-17T13:12:36.258Z] > git remote --verbose [1ms]
[2022-11-17T13:12:36.267Z] > git config --get commit.template [2ms]
[2022-11-17T13:12:41.387Z] > git status -z -uall [114ms]
[2022-11-17T13:12:41.394Z] > git symbolic-ref --short HEAD [2ms]
[2022-11-17T13:12:41.400Z] > git for-each-ref --format=%(refname)%00%(upstream:short)%00%(objectname)%00%(upstream:track)%00%(upstream:remotename)%00%(upstream:remoteref) refs/heads/main refs/remotes/main [2ms]
[2022-11-17T13:12:41.411Z] > git for-each-ref --sort -committerdate --format %(refname) %(objectname) %(*objectname) [6ms]
[2022-11-17T13:12:41.411Z] > git remote --verbose [1ms]
[2022-11-17T13:12:41.422Z] > git config --get commit.template [2ms]
[2022-11-17T13:12:46.537Z] > git status -z -uall [107ms]
[2022-11-17T13:12:46.543Z] > git symbolic-ref --short HEAD [1ms]
[2022-11-17T13:12:46.550Z] > git for-each-ref --format=%(refname)%00%(upstream:short)%00%(objectname)%00%(upstream:track)%00%(upstream:remotename)%00%(upstream:remoteref) refs/heads/main refs/remotes/main [2ms]
[2022-11-17T13:12:46.562Z] > git for-each-ref --sort -committerdate --format %(refname) %(objectname) %(*objectname) [7ms]
[2022-11-17T13:12:46.562Z] > git remote --verbose [1ms]
[2022-11-17T13:12:46.571Z] > git config --get commit.template [2ms]
[2022-11-17T13:12:51.689Z] > git status -z -uall [109ms]
[2022-11-17T13:12:51.695Z] > git symbolic-ref --short HEAD [1ms]
[2022-11-17T13:12:51.702Z] > git for-each-ref --format=%(refname)%00%(upstream:short)%00%(objectname)%00%(upstream:track)%00%(upstream:remotename)%00%(upstream:remoteref) refs/heads/main refs/remotes/main [2ms]
[2022-11-17T13:12:51.712Z] > git for-each-ref --sort -committerdate --format %(refname) %(objectname) %(*objectname) [5ms]
[2022-11-17T13:12:51.713Z] > git remote --verbose [1ms]
[2022-11-17T13:12:51.724Z] > git config --get commit.template [2ms]
[2022-11-17T13:12:56.842Z] > git status -z -uall [109ms]
[2022-11-17T13:12:56.848Z] > git symbolic-ref --short HEAD [1ms]
[2022-11-17T13:12:56.855Z] > git for-each-ref --format=%(refname)%00%(upstream:short)%00%(objectname)%00%(upstream:track)%00%(upstream:remotename)%00%(upstream:remoteref) refs/heads/main refs/remotes/main [2ms]
[2022-11-17T13:12:56.864Z] > git for-each-ref --sort -committerdate --format %(refname) %(objectname) %(*objectname) [5ms]
[2022-11-17T13:12:56.864Z] > git remote --verbose [1ms]
[2022-11-17T13:12:56.874Z] > git config --get commit.template [2ms]
[2022-11-17T13:13:02.030Z] > git status -z -uall [138ms]
[2022-11-17T13:13:02.036Z] > git symbolic-ref --short HEAD [1ms]
[2022-11-17T13:13:02.043Z] > git for-each-ref --format=%(refname)%00%(upstream:short)%00%(objectname)%00%(upstream:track)%00%(upstream:remotename)%00%(upstream:remoteref) refs/heads/main refs/remotes/main [2ms]
[2022-11-17T13:13:02.053Z] > git for-each-ref --sort -committerdate --format %(refname) %(objectname) %(*objectname) [6ms]
[2022-11-17T13:13:02.054Z] > git remote --verbose [2ms]
[2022-11-17T13:13:02.063Z] > git config --get commit.template [3ms]
[2022-11-17T13:13:07.189Z] > git status -z -uall [116ms]
[2022-11-17T13:13:07.195Z] > git symbolic-ref --short HEAD [1ms]
[2022-11-17T13:13:07.202Z] > git for-each-ref --format=%(refname)%00%(upstream:short)%00%(objectname)%00%(upstream:track)%00%(upstream:remotename)%00%(upstream:remoteref) refs/heads/main refs/remotes/main [2ms]
[2022-11-17T13:13:07.212Z] > git for-each-ref --sort -committerdate --format %(refname) %(objectname) %(*objectname) [5ms]
[2022-11-17T13:13:07.212Z] > git remote --verbose [1ms]
[2022-11-17T13:13:07.223Z] > git config --get commit.template [2ms]
[2022-11-17T13:13:12.339Z] > git status -z -uall [110ms]
[2022-11-17T13:13:12.345Z] > git symbolic-ref --short HEAD [1ms]
[2022-11-17T13:13:12.352Z] > git for-each-ref --format=%(refname)%00%(upstream:short)%00%(objectname)%00%(upstream:track)%00%(upstream:remotename)%00%(upstream:remoteref) refs/heads/main refs/remotes/main [2ms]
[2022-11-17T13:13:12.362Z] > git for-each-ref --sort -committerdate --format %(refname) %(objectname) %(*objectname) [5ms]
[2022-11-17T13:13:12.362Z] > git remote --verbose [1ms]
[2022-11-17T13:13:12.373Z] > git config --get commit.template [2ms]
[2022-11-17T13:13:17.506Z] > git status -z -uall [119ms]
[2022-11-17T13:13:17.511Z] > git symbolic-ref --short HEAD [1ms]
[2022-11-17T13:13:17.518Z] > git for-each-ref --format=%(refname)%00%(upstream:short)%00%(objectname)%00%(upstream:track)%00%(upstream:remotename)%00%(upstream:remoteref) refs/heads/main refs/remotes/main [2ms]
[2022-11-17T13:13:17.529Z] > git for-each-ref --sort -committerdate --format %(refname) %(objectname) %(*objectname) [5ms]
[2022-11-17T13:13:17.529Z] > git remote --verbose [1ms]
[2022-11-17T13:13:17.538Z] > git config --get commit.template [1ms]
[2022-11-17T13:13:22.669Z] > git status -z -uall [115ms]
[2022-11-17T13:13:22.675Z] > git symbolic-ref --short HEAD [1ms]
[2022-11-17T13:13:22.681Z] > git for-each-ref --format=%(refname)%00%(upstream:short)%00%(objectname)%00%(upstream:track)%00%(upstream:remotename)%00%(upstream:remoteref) refs/heads/main refs/remotes/main [2ms]
[2022-11-17T13:13:22.692Z] > git for-each-ref --sort -committerdate --format %(refname) %(objectname) %(*objectname) [5ms]
[2022-11-17T13:13:22.692Z] > git remote --verbose [1ms]
[2022-11-17T13:13:22.702Z] > git config --get commit.template [2ms]
[2022-11-17T13:13:27.815Z] > git status -z -uall [107ms]
[2022-11-17T13:13:27.822Z] > git symbolic-ref --short HEAD [1ms]
[2022-11-17T13:13:27.829Z] > git for-each-ref --format=%(refname)%00%(upstream:short)%00%(objectname)%00%(upstream:track)%00%(upstream:remotename)%00%(upstream:remoteref) refs/heads/main refs/remotes/main [2ms]
[2022-11-17T13:13:27.841Z] > git for-each-ref --sort -committerdate --format %(refname) %(objectname) %(*objectname) [6ms]
[2022-11-17T13:13:27.842Z] > git remote --verbose [2ms]
[2022-11-17T13:13:27.853Z] > git config --get commit.template [3ms]
[2022-11-17T13:13:32.999Z] > git status -z -uall [135ms]
[2022-11-17T13:13:33.005Z] > git symbolic-ref --short HEAD [1ms]
[2022-11-17T13:13:33.011Z] > git for-each-ref --format=%(refname)%00%(upstream:short)%00%(objectname)%00%(upstream:track)%00%(upstream:remotename)%00%(upstream:remoteref) refs/heads/main refs/remotes/main [2ms]
[2022-11-17T13:13:33.022Z] > git for-each-ref --sort -committerdate --format %(refname) %(objectname) %(*objectname) [5ms]
[2022-11-17T13:13:33.023Z] > git remote --verbose [1ms]
[2022-11-17T13:13:33.033Z] > git config --get commit.template [2ms]
[2022-11-17T13:13:38.145Z] > git status -z -uall [106ms]
[2022-11-17T13:13:38.151Z] > git symbolic-ref --short HEAD [1ms]
[2022-11-17T13:13:38.158Z] > git for-each-ref --format=%(refname)%00%(upstream:short)%00%(objectname)%00%(upstream:track)%00%(upstream:remotename)%00%(upstream:remoteref) refs/heads/main refs/remotes/main [2ms]
[2022-11-17T13:13:38.169Z] > git for-each-ref --sort -committerdate --format %(refname) %(objectname) %(*objectname) [7ms]
[2022-11-17T13:13:38.169Z] > git remote --verbose [1ms]
[2022-11-17T13:13:38.178Z] > git config --get commit.template [2ms]
[2022-11-17T13:13:43.318Z] > git status -z -uall [131ms]
[2022-11-17T13:13:43.324Z] > git symbolic-ref --short HEAD [1ms]
[2022-11-17T13:13:43.331Z] > git for-each-ref --format=%(refname)%00%(upstream:short)%00%(objectname)%00%(upstream:track)%00%(upstream:remotename)%00%(upstream:remoteref) refs/heads/main refs/remotes/main [2ms]
[2022-11-17T13:13:43.342Z] > git for-each-ref --sort -committerdate --format %(refname) %(objectname) %(*objectname) [5ms]
[2022-11-17T13:13:43.342Z] > git remote --verbose [1ms]
[2022-11-17T13:13:43.352Z] > git config --get commit.template [2ms]
[2022-11-17T13:13:48.492Z] > git status -z -uall [129ms]
[2022-11-17T13:13:48.499Z] > git symbolic-ref --short HEAD [1ms]
[2022-11-17T13:13:48.505Z] > git for-each-ref --format=%(refname)%00%(upstream:short)%00%(objectname)%00%(upstream:track)%00%(upstream:remotename)%00%(upstream:remoteref) refs/heads/main refs/remotes/main [1ms]
[2022-11-17T13:13:48.515Z] > git for-each-ref --sort -committerdate --format %(refname) %(objectname) %(*objectname) [5ms]
[2022-11-17T13:13:48.516Z] > git remote --verbose [1ms]
[2022-11-17T13:13:48.524Z] > git config --get commit.template [2ms]
[2022-11-17T13:13:53.666Z] > git status -z -uall [132ms]
[2022-11-17T13:13:53.672Z] > git symbolic-ref --short HEAD [1ms]
[2022-11-17T13:13:53.679Z] > git for-each-ref --format=%(refname)%00%(upstream:short)%00%(objectname)%00%(upstream:track)%00%(upstream:remotename)%00%(upstream:remoteref) refs/heads/main refs/remotes/main [2ms]
[2022-11-17T13:13:53.689Z] > git for-each-ref --sort -committerdate --format %(refname) %(objectname) %(*objectname) [5ms]
[2022-11-17T13:13:53.689Z] > git remote --verbose [1ms]
[2022-11-17T13:13:53.699Z] > git config --get commit.template [3ms]
[2022-11-17T13:13:58.815Z] > git status -z -uall [109ms]
[2022-11-17T13:13:58.821Z] > git symbolic-ref --short HEAD [1ms]
[2022-11-17T13:13:58.828Z] > git for-each-ref --format=%(refname)%00%(upstream:short)%00%(objectname)%00%(upstream:track)%00%(upstream:remotename)%00%(upstream:remoteref) refs/heads/main refs/remotes/main [2ms]
[2022-11-17T13:13:58.839Z] > git for-each-ref --sort -committerdate --format %(refname) %(objectname) %(*objectname) [5ms]
[2022-11-17T13:13:58.839Z] > git remote --verbose [1ms]
[2022-11-17T13:13:58.850Z] > git config --get commit.template [2ms]
[2022-11-17T13:14:03.972Z] > git status -z -uall [109ms]
[2022-11-17T13:14:03.979Z] > git symbolic-ref --short HEAD [1ms]
[2022-11-17T13:14:03.985Z] > git for-each-ref --format=%(refname)%00%(upstream:short)%00%(objectname)%00%(upstream:track)%00%(upstream:remotename)%00%(upstream:remoteref) refs/heads/main refs/remotes/main [2ms]
[2022-11-17T13:14:03.996Z] > git for-each-ref --sort -committerdate --format %(refname) %(objectname) %(*objectname) [6ms]
[2022-11-17T13:14:03.996Z] > git remote --verbose [1ms]
[2022-11-17T13:14:04.005Z] > git config --get commit.template [1ms]
[2022-11-17T13:14:09.120Z] > git status -z -uall [109ms]
[2022-11-17T13:14:09.126Z] > git symbolic-ref --short HEAD [2ms]
[2022-11-17T13:14:09.132Z] > git for-each-ref --format=%(refname)%00%(upstream:short)%00%(objectname)%00%(upstream:track)%00%(upstream:remotename)%00%(upstream:remoteref) refs/heads/main refs/remotes/main [1ms]
[2022-11-17T13:14:09.144Z] > git for-each-ref --sort -committerdate --format %(refname) %(objectname) %(*objectname) [7ms]
[2022-11-17T13:14:09.144Z] > git remote --verbose [1ms]
[2022-11-17T13:14:09.153Z] > git config --get commit.template [2ms]
[2022-11-17T13:14:14.279Z] > git status -z -uall [116ms]
[2022-11-17T13:14:14.286Z] > git symbolic-ref --short HEAD [2ms]
[2022-11-17T13:14:14.292Z] > git for-each-ref --format=%(refname)%00%(upstream:short)%00%(objectname)%00%(upstream:track)%00%(upstream:remotename)%00%(upstream:remoteref) refs/heads/main refs/remotes/main [2ms]
[2022-11-17T13:14:14.302Z] > git for-each-ref --sort -committerdate --format %(refname) %(objectname) %(*objectname) [5ms]
[2022-11-17T13:14:14.302Z] > git remote --verbose [1ms]
[2022-11-17T13:14:14.312Z] > git config --get commit.template [2ms]
[2022-11-17T13:14:19.443Z] > git status -z -uall [118ms]
[2022-11-17T13:14:19.449Z] > git symbolic-ref --short HEAD [1ms]
[2022-11-17T13:14:19.455Z] > git for-each-ref --format=%(refname)%00%(upstream:short)%00%(objectname)%00%(upstream:track)%00%(upstream:remotename)%00%(upstream:remoteref) refs/heads/main refs/remotes/main [2ms]
[2022-11-17T13:14:19.466Z] > git for-each-ref --sort -committerdate --format %(refname) %(objectname) %(*objectname) [5ms]
[2022-11-17T13:14:19.466Z] > git remote --verbose [1ms]
[2022-11-17T13:14:19.474Z] > git config --get commit.template [2ms]
[2022-11-17T13:14:24.600Z] > git status -z -uall [116ms]
[2022-11-17T13:14:24.606Z] > git symbolic-ref --short HEAD [1ms]
[2022-11-17T13:14:24.613Z] > git for-each-ref --format=%(refname)%00%(upstream:short)%00%(objectname)%00%(upstream:track)%00%(upstream:remotename)%00%(upstream:remoteref) refs/heads/main refs/remotes/main [2ms]
[2022-11-17T13:14:24.623Z] > git for-each-ref --sort -committerdate --format %(refname) %(objectname) %(*objectname) [5ms]
[2022-11-17T13:14:24.624Z] > git remote --verbose [2ms]
[2022-11-17T13:14:24.633Z] > git config --get commit.template [2ms]
[2022-11-17T13:14:29.763Z] > git status -z -uall [114ms]
[2022-11-17T13:14:29.768Z] > git symbolic-ref --short HEAD [1ms]
[2022-11-17T13:14:29.775Z] > git for-each-ref --format=%(refname)%00%(upstream:short)%00%(objectname)%00%(upstream:track)%00%(upstream:remotename)%00%(upstream:remoteref) refs/heads/main refs/remotes/main [1ms]
[2022-11-17T13:14:29.785Z] > git for-each-ref --sort -committerdate --format %(refname) %(objectname) %(*objectname) [4ms]
[2022-11-17T13:14:29.786Z] > git remote --verbose [1ms]
[2022-11-17T13:14:29.796Z] > git config --get commit.template [1ms]
[2022-11-17T13:14:34.921Z] > git status -z -uall [115ms]
[2022-11-17T13:14:34.927Z] > git symbolic-ref --short HEAD [1ms]
[2022-11-17T13:14:34.934Z] > git for-each-ref --format=%(refname)%00%(upstream:short)%00%(objectname)%00%(upstream:track)%00%(upstream:remotename)%00%(upstream:remoteref) refs/heads/main refs/remotes/main [2ms]
[2022-11-17T13:14:34.945Z] > git for-each-ref --sort -committerdate --format %(refname) %(objectname) %(*objectname) [6ms]
[2022-11-17T13:14:34.945Z] > git remote --verbose [1ms]
[2022-11-17T13:14:34.954Z] > git config --get commit.template [1ms]
[2022-11-17T13:14:40.082Z] > git status -z -uall [116ms]
[2022-11-17T13:14:40.087Z] > git symbolic-ref --short HEAD [1ms]
[2022-11-17T13:14:40.094Z] > git for-each-ref --format=%(refname)%00%(upstream:short)%00%(objectname)%00%(upstream:track)%00%(upstream:remotename)%00%(upstream:remoteref) refs/heads/main refs/remotes/main [1ms]
[2022-11-17T13:14:40.104Z] > git for-each-ref --sort -committerdate --format %(refname) %(objectname) %(*objectname) [5ms]
[2022-11-17T13:14:40.105Z] > git remote --verbose [2ms]
[2022-11-17T13:14:40.114Z] > git config --get commit.template [1ms]
[2022-11-17T13:14:45.226Z] > git status -z -uall [107ms]
[2022-11-17T13:14:45.232Z] > git symbolic-ref --short HEAD [1ms]
[2022-11-17T13:14:45.240Z] > git for-each-ref --format=%(refname)%00%(upstream:short)%00%(objectname)%00%(upstream:track)%00%(upstream:remotename)%00%(upstream:remoteref) refs/heads/main refs/remotes/main [3ms]
[2022-11-17T13:14:45.249Z] > git for-each-ref --sort -committerdate --format %(refname) %(objectname) %(*objectname) [5ms]
[2022-11-17T13:14:45.249Z] > git remote --verbose [1ms]
[2022-11-17T13:14:45.259Z] > git config --get commit.template [2ms]
[2022-11-17T13:14:50.388Z] > git status -z -uall [115ms]
[2022-11-17T13:14:50.394Z] > git symbolic-ref --short HEAD [1ms]
[2022-11-17T13:14:50.400Z] > git for-each-ref --format=%(refname)%00%(upstream:short)%00%(objectname)%00%(upstream:track)%00%(upstream:remotename)%00%(upstream:remoteref) refs/heads/main refs/remotes/main [1ms]
[2022-11-17T13:14:50.411Z] > git for-each-ref --sort -committerdate --format %(refname) %(objectname) %(*objectname) [6ms]
[2022-11-17T13:14:50.411Z] > git remote --verbose [1ms]
[2022-11-17T13:14:50.420Z] > git config --get commit.template [2ms]
[2022-11-17T13:14:55.548Z] > git status -z -uall [112ms]
[2022-11-17T13:14:55.555Z] > git symbolic-ref --short HEAD [2ms]
[2022-11-17T13:14:55.561Z] > git for-each-ref --format=%(refname)%00%(upstream:short)%00%(objectname)%00%(upstream:track)%00%(upstream:remotename)%00%(upstream:remoteref) refs/heads/main refs/remotes/main [2ms]
[2022-11-17T13:14:55.571Z] > git for-each-ref --sort -committerdate --format %(refname) %(objectname) %(*objectname) [5ms]
[2022-11-17T13:14:55.572Z] > git remote --verbose [2ms]
[2022-11-17T13:14:55.581Z] > git config --get commit.template [1ms]
[2022-11-17T13:15:00.711Z] > git status -z -uall [119ms]
[2022-11-17T13:15:00.717Z] > git symbolic-ref --short HEAD [1ms]
[2022-11-17T13:15:00.724Z] > git for-each-ref --format=%(refname)%00%(upstream:short)%00%(objectname)%00%(upstream:track)%00%(upstream:remotename)%00%(upstream:remoteref) refs/heads/main refs/remotes/main [2ms]
[2022-11-17T13:15:00.733Z] > git for-each-ref --sort -committerdate --format %(refname) %(objectname) %(*objectname) [5ms]
[2022-11-17T13:15:00.733Z] > git remote --verbose [1ms]
[2022-11-17T13:15:00.743Z] > git config --get commit.template [1ms]
[2022-11-17T13:15:05.862Z] > git status -z -uall [110ms]
[2022-11-17T13:15:05.867Z] > git symbolic-ref --short HEAD [1ms]
[2022-11-17T13:15:05.875Z] > git for-each-ref --format=%(refname)%00%(upstream:short)%00%(objectname)%00%(upstream:track)%00%(upstream:remotename)%00%(upstream:remoteref) refs/heads/main refs/remotes/main [2ms]
[2022-11-17T13:15:05.884Z] > git for-each-ref --sort -committerdate --format %(refname) %(objectname) %(*objectname) [5ms]
[2022-11-17T13:15:05.885Z] > git remote --verbose [1ms]
[2022-11-17T13:15:05.895Z] > git config --get commit.template [2ms]
[2022-11-17T13:15:11.032Z] > git status -z -uall [127ms]
[2022-11-17T13:15:11.038Z] > git symbolic-ref --short HEAD [1ms]
[2022-11-17T13:15:11.045Z] > git for-each-ref --format=%(refname)%00%(upstream:short)%00%(objectname)%00%(upstream:track)%00%(upstream:remotename)%00%(upstream:remoteref) refs/heads/main refs/remotes/main [2ms]
[2022-11-17T13:15:11.055Z] > git for-each-ref --sort -committerdate --format %(refname) %(objectname) %(*objectname) [6ms]
[2022-11-17T13:15:11.055Z] > git remote --verbose [1ms]
[2022-11-17T13:15:11.063Z] > git config --get commit.template [1ms]
[2022-11-17T13:15:16.189Z] > git status -z -uall [117ms]
[2022-11-17T13:15:16.195Z] > git symbolic-ref --short HEAD [1ms]
[2022-11-17T13:15:16.201Z] > git for-each-ref --format=%(refname)%00%(upstream:short)%00%(objectname)%00%(upstream:track)%00%(upstream:remotename)%00%(upstream:remoteref) refs/heads/main refs/remotes/main [2ms]
[2022-11-17T13:15:16.211Z] > git for-each-ref --sort -committerdate --format %(refname) %(objectname) %(*objectname) [5ms]
[2022-11-17T13:15:16.212Z] > git remote --verbose [1ms]
[2022-11-17T13:15:16.220Z] > git config --get commit.template [1ms]
[2022-11-17T13:15:21.349Z] > git status -z -uall [114ms]
[2022-11-17T13:15:21.355Z] > git symbolic-ref --short HEAD [1ms]
[2022-11-17T13:15:21.362Z] > git for-each-ref --format=%(refname)%00%(upstream:short)%00%(objectname)%00%(upstream:track)%00%(upstream:remotename)%00%(upstream:remoteref) refs/heads/main refs/remotes/main [2ms]
[2022-11-17T13:15:21.372Z] > git for-each-ref --sort -committerdate --format %(refname) %(objectname) %(*objectname) [6ms]
[2022-11-17T13:15:21.373Z] > git remote --verbose [2ms]
[2022-11-17T13:15:21.382Z] > git config --get commit.template [2ms]
[2022-11-17T13:15:26.507Z] > git status -z -uall [111ms]
[2022-11-17T13:15:26.513Z] > git symbolic-ref --short HEAD [1ms]
[2022-11-17T13:15:26.520Z] > git for-each-ref --format=%(refname)%00%(upstream:short)%00%(objectname)%00%(upstream:track)%00%(upstream:remotename)%00%(upstream:remoteref) refs/heads/main refs/remotes/main [2ms]
[2022-11-17T13:15:26.530Z] > git for-each-ref --sort -committerdate --format %(refname) %(objectname) %(*objectname) [5ms]
[2022-11-17T13:15:26.530Z] > git remote --verbose [1ms]
[2022-11-17T13:15:26.541Z] > git config --get commit.template [2ms]
[2022-11-17T13:15:31.668Z] > git status -z -uall [115ms]
[2022-11-17T13:15:31.674Z] > git symbolic-ref --short HEAD [1ms]
[2022-11-17T13:15:31.680Z] > git for-each-ref --format=%(refname)%00%(upstream:short)%00%(objectname)%00%(upstream:track)%00%(upstream:remotename)%00%(upstream:remoteref) refs/heads/main refs/remotes/main [2ms]
[2022-11-17T13:15:31.691Z] > git for-each-ref --sort -committerdate --format %(refname) %(objectname) %(*objectname) [6ms]
[2022-11-17T13:15:31.691Z] > git remote --verbose [1ms]
[2022-11-17T13:15:31.700Z] > git config --get commit.template [1ms]
[2022-11-17T13:15:36.826Z] > git status -z -uall [118ms]
[2022-11-17T13:15:36.832Z] > git symbolic-ref --short HEAD [1ms]
[2022-11-17T13:15:36.839Z] > git for-each-ref --format=%(refname)%00%(upstream:short)%00%(objectname)%00%(upstream:track)%00%(upstream:remotename)%00%(upstream:remoteref) refs/heads/main refs/remotes/main [2ms]
[2022-11-17T13:15:36.848Z] > git for-each-ref --sort -committerdate --format %(refname) %(objectname) %(*objectname) [5ms]
[2022-11-17T13:15:36.849Z] > git remote --verbose [2ms]
[2022-11-17T13:15:36.859Z] > git config --get commit.template [2ms]
[2022-11-17T13:15:42.009Z] > git status -z -uall [129ms]
[2022-11-17T13:15:42.015Z] > git symbolic-ref --short HEAD [2ms]
[2022-11-17T13:15:42.021Z] > git for-each-ref --format=%(refname)%00%(upstream:short)%00%(objectname)%00%(upstream:track)%00%(upstream:remotename)%00%(upstream:remoteref) refs/heads/main refs/remotes/main [1ms]
[2022-11-17T13:15:42.032Z] > git for-each-ref --sort -committerdate --format %(refname) %(objectname) %(*objectname) [6ms]
[2022-11-17T13:15:42.033Z] > git remote --verbose [1ms]
[2022-11-17T13:15:42.041Z] > git config --get commit.template [1ms]
[2022-11-17T13:15:50.702Z] > git status -z -uall [132ms]
[2022-11-17T13:15:50.708Z] > git symbolic-ref --short HEAD [2ms]
[2022-11-17T13:15:50.714Z] > git for-each-ref --format=%(refname)%00%(upstream:short)%00%(objectname)%00%(upstream:track)%00%(upstream:remotename)%00%(upstream:remoteref) refs/heads/main refs/remotes/main [2ms]
[2022-11-17T13:15:50.725Z] > git for-each-ref --sort -committerdate --format %(refname) %(objectname) %(*objectname) [6ms]
[2022-11-17T13:15:50.725Z] > git remote --verbose [1ms]
[2022-11-17T13:15:50.735Z] > git config --get commit.template [2ms]
[2022-11-17T13:15:55.882Z] > git status -z -uall [133ms]
[2022-11-17T13:15:55.888Z] > git symbolic-ref --short HEAD [1ms]
[2022-11-17T13:15:55.894Z] > git for-each-ref --format=%(refname)%00%(upstream:short)%00%(objectname)%00%(upstream:track)%00%(upstream:remotename)%00%(upstream:remoteref) refs/heads/main refs/remotes/main [2ms]
[2022-11-17T13:15:55.905Z] > git for-each-ref --sort -committerdate --format %(refname) %(objectname) %(*objectname) [6ms]
[2022-11-17T13:15:55.905Z] > git remote --verbose [1ms]
[2022-11-17T13:15:55.914Z] > git config --get commit.template [1ms]
[2022-11-17T13:16:00.509Z] > git add -A -- . [419ms]
[2022-11-17T13:16:00.602Z] > git -c user.useConfigOnly=true commit --quiet --allow-empty-message --file - [87ms]
[2022-11-17T13:16:00.676Z] > git status -z -uall [70ms]
[2022-11-17T13:16:00.683Z] > git symbolic-ref --short HEAD [1ms]
[2022-11-17T13:16:00.690Z] > git for-each-ref --format=%(refname)%00%(upstream:short)%00%(objectname)%00%(upstream:track)%00%(upstream:remotename)%00%(upstream:remoteref) refs/heads/main refs/remotes/main [2ms]
[2022-11-17T13:16:00.701Z] > git for-each-ref --sort -committerdate --format %(refname) %(objectname) %(*objectname) [6ms]
[2022-11-17T13:16:00.701Z] > git remote --verbose [1ms]
[2022-11-17T13:16:00.710Z] > git config --get commit.template [2ms]
[2022-11-17T13:16:00.719Z] > git config --get commit.template [2ms]
[2022-11-17T13:16:01.026Z] > git status -z -uall [94ms]
[2022-11-17T13:16:01.033Z] > git symbolic-ref --short HEAD [1ms]
[2022-11-17T13:16:01.041Z] > git for-each-ref --format=%(refname)%00%(upstream:short)%00%(objectname)%00%(upstream:track)%00%(upstream:remotename)%00%(upstream:remoteref) refs/heads/main refs/remotes/main [2ms]
[2022-11-17T13:16:01.052Z] > git for-each-ref --sort -committerdate --format %(refname) %(objectname) %(*objectname) [6ms]
[2022-11-17T13:16:01.052Z] > git remote --verbose [1ms]
[2022-11-17T13:16:01.060Z] > git config --get commit.template [2ms]
[2022-11-17T13:16:06.158Z] > git status -z -uall [87ms]
[2022-11-17T13:16:06.165Z] > git symbolic-ref --short HEAD [1ms]
[2022-11-17T13:16:06.172Z] > git for-each-ref --format=%(refname)%00%(upstream:short)%00%(objectname)%00%(upstream:track)%00%(upstream:remotename)%00%(upstream:remoteref) refs/heads/main refs/remotes/main [2ms]
[2022-11-17T13:16:06.183Z] > git for-each-ref --sort -committerdate --format %(refname) %(objectname) %(*objectname) [6ms]
[2022-11-17T13:16:06.183Z] > git remote --verbose [1ms]
[2022-11-17T13:16:06.190Z] > git config --get commit.template [1ms]
[2022-11-17T13:16:11.295Z] > git status -z -uall [86ms]
[2022-11-17T13:16:11.301Z] > git symbolic-ref --short HEAD [1ms]
[2022-11-17T13:16:11.306Z] > git for-each-ref --format=%(refname)%00%(upstream:short)%00%(objectname)%00%(upstream:track)%00%(upstream:remotename)%00%(upstream:remoteref) refs/heads/main refs/remotes/main [1ms]
[2022-11-17T13:16:11.315Z] > git for-each-ref --sort -committerdate --format %(refname) %(objectname) %(*objectname) [5ms]
[2022-11-17T13:16:11.315Z] > git remote --verbose [1ms]
[2022-11-17T13:16:11.321Z] > git config --get commit.template [1ms]
[2022-11-17T13:16:16.406Z] > git status -z -uall [75ms]
[2022-11-17T13:16:16.411Z] > git symbolic-ref --short HEAD [1ms]
[2022-11-17T13:16:16.417Z] > git for-each-ref --format=%(refname)%00%(upstream:short)%00%(objectname)%00%(upstream:track)%00%(upstream:remotename)%00%(upstream:remoteref) refs/heads/main refs/remotes/main [2ms]
[2022-11-17T13:16:16.426Z] > git for-each-ref --sort -committerdate --format %(refname) %(objectname) %(*objectname) [4ms]
[2022-11-17T13:16:16.426Z] > git remote --verbose [1ms]
[2022-11-17T13:16:16.432Z] > git config --get commit.template [1ms]
[2022-11-17T13:16:21.510Z] > git status -z -uall [68ms]
[2022-11-17T13:16:21.516Z] > git symbolic-ref --short HEAD [1ms]
[2022-11-17T13:16:21.522Z] > git for-each-ref --format=%(refname)%00%(upstream:short)%00%(objectname)%00%(upstream:track)%00%(upstream:remotename)%00%(upstream:remoteref) refs/heads/main refs/remotes/main [2ms]
[2022-11-17T13:16:21.530Z] > git for-each-ref --sort -committerdate --format %(refname) %(objectname) %(*objectname) [4ms]
[2022-11-17T13:16:21.531Z] > git remote --verbose [1ms]
[2022-11-17T13:16:21.537Z] > git config --get commit.template [1ms]
[2022-11-17T13:16:37.030Z] > git status -z -uall [121ms]
[2022-11-17T13:16:37.036Z] > git symbolic-ref --short HEAD [1ms]
[2022-11-17T13:16:37.041Z] > git for-each-ref --format=%(refname)%00%(upstream:short)%00%(objectname)%00%(upstream:track)%00%(upstream:remotename)%00%(upstream:remoteref) refs/heads/main refs/remotes/main [1ms]
[2022-11-17T13:16:37.050Z] > git for-each-ref --sort -committerdate --format %(refname) %(objectname) %(*objectname) [4ms]
[2022-11-17T13:16:37.051Z] > git remote --verbose [1ms]
[2022-11-17T13:16:37.060Z] > git config --get commit.template [1ms]
[2022-11-17T13:16:42.195Z] > git status -z -uall [119ms]
[2022-11-17T13:16:42.200Z] > git symbolic-ref --short HEAD [1ms]
[2022-11-17T13:16:42.206Z] > git for-each-ref --format=%(refname)%00%(upstream:short)%00%(objectname)%00%(upstream:track)%00%(upstream:remotename)%00%(upstream:remoteref) refs/heads/main refs/remotes/main [2ms]
[2022-11-17T13:16:42.214Z] > git for-each-ref --sort -committerdate --format %(refname) %(objectname) %(*objectname) [4ms]
[2022-11-17T13:16:42.214Z] > git remote --verbose [1ms]
[2022-11-17T13:16:42.222Z] > git config --get commit.template [2ms]
[2022-11-17T13:17:08.626Z] > git status -z -uall [131ms]
[2022-11-17T13:17:08.631Z] > git symbolic-ref --short HEAD [1ms]
[2022-11-17T13:17:08.637Z] > git for-each-ref --format=%(refname)%00%(upstream:short)%00%(objectname)%00%(upstream:track)%00%(upstream:remotename)%00%(upstream:remoteref) refs/heads/main refs/remotes/main [1ms]
[2022-11-17T13:17:08.647Z] > git for-each-ref --sort -committerdate --format %(refname) %(objectname) %(*objectname) [5ms]
[2022-11-17T13:17:08.647Z] > git remote --verbose [1ms]
[2022-11-17T13:17:08.655Z] > git config --get commit.template [1ms]
[2022-11-17T13:17:13.794Z] > git status -z -uall [129ms]
[2022-11-17T13:17:13.799Z] > git symbolic-ref --short HEAD [1ms]
[2022-11-17T13:17:13.805Z] > git for-each-ref --format=%(refname)%00%(upstream:short)%00%(objectname)%00%(upstream:track)%00%(upstream:remotename)%00%(upstream:remoteref) refs/heads/main refs/remotes/main [2ms]
[2022-11-17T13:17:13.815Z] > git for-each-ref --sort -committerdate --format %(refname) %(objectname) %(*objectname) [5ms]
[2022-11-17T13:17:13.815Z] > git remote --verbose [1ms]
[2022-11-17T13:17:13.824Z] > git config --get commit.template [2ms]
[2022-11-17T13:17:18.960Z] > git status -z -uall [126ms]
[2022-11-17T13:17:18.966Z] > git symbolic-ref --short HEAD [2ms]
[2022-11-17T13:17:18.971Z] > git for-each-ref --format=%(refname)%00%(upstream:short)%00%(objectname)%00%(upstream:track)%00%(upstream:remotename)%00%(upstream:remoteref) refs/heads/main refs/remotes/main [2ms]
[2022-11-17T13:17:18.979Z] > git for-each-ref --sort -committerdate --format %(refname) %(objectname) %(*objectname) [4ms]
[2022-11-17T13:17:18.980Z] > git remote --verbose [1ms]
[2022-11-17T13:17:18.988Z] > git config --get commit.template [2ms]
[2022-11-17T13:17:24.126Z] > git status -z -uall [128ms]
[2022-11-17T13:17:24.131Z] > git symbolic-ref --short HEAD [1ms]
[2022-11-17T13:17:24.136Z] > git for-each-ref --format=%(refname)%00%(upstream:short)%00%(objectname)%00%(upstream:track)%00%(upstream:remotename)%00%(upstream:remoteref) refs/heads/main refs/remotes/main [1ms]
[2022-11-17T13:17:24.144Z] > git for-each-ref --sort -committerdate --format %(refname) %(objectname) %(*objectname) [4ms]
[2022-11-17T13:17:24.145Z] > git remote --verbose [1ms]
[2022-11-17T13:17:24.154Z] > git config --get commit.template [3ms]
[2022-11-17T13:17:29.291Z] > git status -z -uall [128ms]
[2022-11-17T13:17:29.296Z] > git symbolic-ref --short HEAD [1ms]
[2022-11-17T13:17:29.302Z] > git for-each-ref --format=%(refname)%00%(upstream:short)%00%(objectname)%00%(upstream:track)%00%(upstream:remotename)%00%(upstream:remoteref) refs/heads/main refs/remotes/main [2ms]
[2022-11-17T13:17:29.310Z] > git for-each-ref --sort -committerdate --format %(refname) %(objectname) %(*objectname) [4ms]
[2022-11-17T13:17:29.310Z] > git remote --verbose [1ms]
[2022-11-17T13:17:29.318Z] > git config --get commit.template [1ms]
[2022-11-17T13:17:34.480Z] > git status -z -uall [146ms]
[2022-11-17T13:17:34.485Z] > git symbolic-ref --short HEAD [1ms]
[2022-11-17T13:17:34.491Z] > git for-each-ref --format=%(refname)%00%(upstream:short)%00%(objectname)%00%(upstream:track)%00%(upstream:remotename)%00%(upstream:remoteref) refs/heads/main refs/remotes/main [2ms]
[2022-11-17T13:17:34.499Z] > git for-each-ref --sort -committerdate --format %(refname) %(objectname) %(*objectname) [4ms]
[2022-11-17T13:17:34.500Z] > git remote --verbose [1ms]
[2022-11-17T13:17:34.509Z] > git config --get commit.template [2ms]
[2022-11-17T13:17:39.641Z] > git status -z -uall [122ms]
[2022-11-17T13:17:39.646Z] > git symbolic-ref --short HEAD [1ms]
[2022-11-17T13:17:39.652Z] > git for-each-ref --format=%(refname)%00%(upstream:short)%00%(objectname)%00%(upstream:track)%00%(upstream:remotename)%00%(upstream:remoteref) refs/heads/main refs/remotes/main [2ms]
[2022-11-17T13:17:39.661Z] > git for-each-ref --sort -committerdate --format %(refname) %(objectname) %(*objectname) [5ms]
[2022-11-17T13:17:39.661Z] > git remote --verbose [2ms]
[2022-11-17T13:17:39.670Z] > git config --get commit.template [1ms]
[2022-11-17T13:17:44.805Z] > git status -z -uall [125ms]
[2022-11-17T13:17:44.810Z] > git symbolic-ref --short HEAD [1ms]
[2022-11-17T13:17:44.816Z] > git for-each-ref --format=%(refname)%00%(upstream:short)%00%(objectname)%00%(upstream:track)%00%(upstream:remotename)%00%(upstream:remoteref) refs/heads/main refs/remotes/main [2ms]
[2022-11-17T13:17:44.824Z] > git for-each-ref --sort -committerdate --format %(refname) %(objectname) %(*objectname) [5ms]
[2022-11-17T13:17:44.824Z] > git remote --verbose [1ms]
[2022-11-17T13:17:44.832Z] > git config --get commit.template [2ms]
[2022-11-17T13:17:49.965Z] > git status -z -uall [124ms]
[2022-11-17T13:17:49.971Z] > git symbolic-ref --short HEAD [1ms]
[2022-11-17T13:17:49.976Z] > git for-each-ref --format=%(refname)%00%(upstream:short)%00%(objectname)%00%(upstream:track)%00%(upstream:remotename)%00%(upstream:remoteref) refs/heads/main refs/remotes/main [1ms]
[2022-11-17T13:17:49.985Z] > git for-each-ref --sort -committerdate --format %(refname) %(objectname) %(*objectname) [5ms]
[2022-11-17T13:17:49.986Z] > git remote --verbose [1ms]
[2022-11-17T13:17:49.995Z] > git config --get commit.template [2ms]
[2022-11-17T13:17:55.152Z] > git status -z -uall [140ms]
[2022-11-17T13:17:55.157Z] > git symbolic-ref --short HEAD [1ms]
[2022-11-17T13:17:55.163Z] > git for-each-ref --format=%(refname)%00%(upstream:short)%00%(objectname)%00%(upstream:track)%00%(upstream:remotename)%00%(upstream:remoteref) refs/heads/main refs/remotes/main [2ms]
[2022-11-17T13:17:55.171Z] > git for-each-ref --sort -committerdate --format %(refname) %(objectname) %(*objectname) [4ms]
[2022-11-17T13:17:55.171Z] > git remote --verbose [0ms]
[2022-11-17T13:17:55.180Z] > git config --get commit.template [2ms]
[2022-11-17T13:18:09.001Z] > git status -z -uall [126ms]
[2022-11-17T13:18:09.007Z] > git symbolic-ref --short HEAD [1ms]
[2022-11-17T13:18:09.012Z] > git for-each-ref --format=%(refname)%00%(upstream:short)%00%(objectname)%00%(upstream:track)%00%(upstream:remotename)%00%(upstream:remoteref) refs/heads/main refs/remotes/main [1ms]
[2022-11-17T13:18:09.021Z] > git for-each-ref --sort -committerdate --format %(refname) %(objectname) %(*objectname) [5ms]
[2022-11-17T13:18:09.021Z] > git remote --verbose [1ms]
[2022-11-17T13:18:09.030Z] > git config --get commit.template [1ms]
[2022-11-17T13:18:14.174Z] > git status -z -uall [130ms]
[2022-11-17T13:18:14.179Z] > git symbolic-ref --short HEAD [1ms]
[2022-11-17T13:18:14.185Z] > git for-each-ref --format=%(refname)%00%(upstream:short)%00%(objectname)%00%(upstream:track)%00%(upstream:remotename)%00%(upstream:remoteref) refs/heads/main refs/remotes/main [1ms]
[2022-11-17T13:18:14.194Z] > git for-each-ref --sort -committerdate --format %(refname) %(objectname) %(*objectname) [5ms]
[2022-11-17T13:18:14.194Z] > git remote --verbose [1ms]
[2022-11-17T13:18:14.203Z] > git config --get commit.template [1ms]
[2022-11-17T13:18:19.349Z] > git status -z -uall [131ms]
[2022-11-17T13:18:19.355Z] > git symbolic-ref --short HEAD [1ms]
[2022-11-17T13:18:19.361Z] > git for-each-ref --format=%(refname)%00%(upstream:short)%00%(objectname)%00%(upstream:track)%00%(upstream:remotename)%00%(upstream:remoteref) refs/heads/main refs/remotes/main [2ms]
[2022-11-17T13:18:19.370Z] > git for-each-ref --sort -committerdate --format %(refname) %(objectname) %(*objectname) [5ms]
[2022-11-17T13:18:19.370Z] > git remote --verbose [1ms]
[2022-11-17T13:18:19.379Z] > git config --get commit.template [1ms]
[2022-11-17T13:18:24.522Z] > git status -z -uall [132ms]
[2022-11-17T13:18:24.527Z] > git symbolic-ref --short HEAD [1ms]
[2022-11-17T13:18:24.533Z] > git for-each-ref --format=%(refname)%00%(upstream:short)%00%(objectname)%00%(upstream:track)%00%(upstream:remotename)%00%(upstream:remoteref) refs/heads/main refs/remotes/main [2ms]
[2022-11-17T13:18:24.541Z] > git for-each-ref --sort -committerdate --format %(refname) %(objectname) %(*objectname) [4ms]
[2022-11-17T13:18:24.541Z] > git remote --verbose [1ms]
[2022-11-17T13:18:24.550Z] > git config --get commit.template [2ms]
[2022-11-17T13:18:29.693Z] > git status -z -uall [133ms]
[2022-11-17T13:18:29.698Z] > git symbolic-ref --short HEAD [1ms]
[2022-11-17T13:18:29.704Z] > git for-each-ref --format=%(refname)%00%(upstream:short)%00%(objectname)%00%(upstream:track)%00%(upstream:remotename)%00%(upstream:remoteref) refs/heads/main refs/remotes/main [2ms]
[2022-11-17T13:18:29.713Z] > git for-each-ref --sort -committerdate --format %(refname) %(objectname) %(*objectname) [5ms]
[2022-11-17T13:18:29.713Z] > git remote --verbose [1ms]
[2022-11-17T13:18:29.722Z] > git config --get commit.template [0ms]
[2022-11-17T13:18:34.863Z] > git status -z -uall [131ms]
[2022-11-17T13:18:34.869Z] > git symbolic-ref --short HEAD [1ms]
[2022-11-17T13:18:34.874Z] > git for-each-ref --format=%(refname)%00%(upstream:short)%00%(objectname)%00%(upstream:track)%00%(upstream:remotename)%00%(upstream:remoteref) refs/heads/main refs/remotes/main [2ms]
[2022-11-17T13:18:34.882Z] > git for-each-ref --sort -committerdate --format %(refname) %(objectname) %(*objectname) [4ms]
[2022-11-17T13:18:34.883Z] > git remote --verbose [1ms]
[2022-11-17T13:18:34.892Z] > git config --get commit.template [2ms]
[2022-11-17T13:18:40.029Z] > git status -z -uall [129ms]
[2022-11-17T13:18:40.034Z] > git symbolic-ref --short HEAD [1ms]
[2022-11-17T13:18:40.040Z] > git for-each-ref --format=%(refname)%00%(upstream:short)%00%(objectname)%00%(upstream:track)%00%(upstream:remotename)%00%(upstream:remoteref) refs/heads/main refs/remotes/main [2ms]
[2022-11-17T13:18:40.049Z] > git for-each-ref --sort -committerdate --format %(refname) %(objectname) %(*objectname) [5ms]
[2022-11-17T13:18:40.049Z] > git remote --verbose [1ms]
[2022-11-17T13:18:40.059Z] > git config --get commit.template [3ms]
[2022-11-17T13:18:42.750Z] > git show --textconv :Bureau/RainAlert/package-lock.json [17ms]
[2022-11-17T13:18:42.753Z] > git ls-files --stage -- /home/kst_off/Bureau/RainAlert/package-lock.json [12ms]
[2022-11-17T13:18:42.764Z] > git cat-file -s 1dcb670ab3415a990e42e0cec5a403ec00ae16f3 [2ms]
[2022-11-17T13:18:43.637Z] > git show --textconv :Bureau/RainAlert/package.json [9ms]
[2022-11-17T13:18:43.643Z] > git ls-files --stage -- /home/kst_off/Bureau/RainAlert/package.json [7ms]
[2022-11-17T13:18:43.651Z] > git cat-file -s 9367dbb692dc1ae10292ef3e686ddec20267067f [1ms]
[2022-11-17T13:18:45.215Z] > git status -z -uall [139ms]
[2022-11-17T13:18:45.222Z] > git symbolic-ref --short HEAD [1ms]
[2022-11-17T13:18:45.230Z] > git for-each-ref --format=%(refname)%00%(upstream:short)%00%(objectname)%00%(upstream:track)%00%(upstream:remotename)%00%(upstream:remoteref) refs/heads/main refs/remotes/main [2ms]
[2022-11-17T13:18:45.243Z] > git for-each-ref --sort -committerdate --format %(refname) %(objectname) %(*objectname) [7ms]
[2022-11-17T13:18:45.243Z] > git remote --verbose [1ms]
[2022-11-17T13:18:45.259Z] > git config --get commit.template [4ms]
[2022-11-17T13:18:45.846Z] > git show --textconv :Bureau/RainAlert/.gitignore [12ms]
[2022-11-17T13:18:45.855Z] > git ls-files --stage -- /home/kst_off/Bureau/RainAlert/.gitignore [10ms]
[2022-11-17T13:18:45.881Z] > git cat-file -s f06235c460c2de3d97efc8371125594b7b761b08 [16ms]
[2022-11-17T13:18:50.408Z] > git status -z -uall [137ms]
[2022-11-17T13:18:50.414Z] > git symbolic-ref --short HEAD [1ms]
[2022-11-17T13:18:50.422Z] > git for-each-ref --format=%(refname)%00%(upstream:short)%00%(objectname)%00%(upstream:track)%00%(upstream:remotename)%00%(upstream:remoteref) refs/heads/main refs/remotes/main [2ms]
[2022-11-17T13:18:50.433Z] > git for-each-ref --sort -committerdate --format %(refname) %(objectname) %(*objectname) [6ms]
[2022-11-17T13:18:50.433Z] > git remote --verbose [1ms]
[2022-11-17T13:18:50.445Z] > git config --get commit.template [2ms]
[2022-11-17T13:18:55.591Z] > git status -z -uall [135ms]
[2022-11-17T13:18:55.597Z] > git symbolic-ref --short HEAD [1ms]
[2022-11-17T13:18:55.603Z] > git for-each-ref --format=%(refname)%00%(upstream:short)%00%(objectname)%00%(upstream:track)%00%(upstream:remotename)%00%(upstream:remoteref) refs/heads/main refs/remotes/main [2ms]
[2022-11-17T13:18:55.612Z] > git for-each-ref --sort -committerdate --format %(refname) %(objectname) %(*objectname) [5ms]
[2022-11-17T13:18:55.612Z] > git remote --verbose [1ms]
[2022-11-17T13:18:55.622Z] > git config --get commit.template [1ms]
[2022-11-17T13:19:00.782Z] > git status -z -uall [145ms]
[2022-11-17T13:19:00.788Z] > git symbolic-ref --short HEAD [1ms]
[2022-11-17T13:19:00.794Z] > git for-each-ref --format=%(refname)%00%(upstream:short)%00%(objectname)%00%(upstream:track)%00%(upstream:remotename)%00%(upstream:remoteref) refs/heads/main refs/remotes/main [2ms]
[2022-11-17T13:19:00.803Z] > git for-each-ref --sort -committerdate --format %(refname) %(objectname) %(*objectname) [5ms]
[2022-11-17T13:19:00.803Z] > git remote --verbose [1ms]
[2022-11-17T13:19:00.813Z] > git config --get commit.template [1ms]
[2022-11-17T13:19:05.959Z] > git status -z -uall [135ms]
[2022-11-17T13:19:05.965Z] > git symbolic-ref --short HEAD [1ms]
[2022-11-17T13:19:05.971Z] > git for-each-ref --format=%(refname)%00%(upstream:short)%00%(objectname)%00%(upstream:track)%00%(upstream:remotename)%00%(upstream:remoteref) refs/heads/main refs/remotes/main [1ms]
[2022-11-17T13:19:05.982Z] > git for-each-ref --sort -committerdate --format %(refname) %(objectname) %(*objectname) [6ms]
[2022-11-17T13:19:05.982Z] > git remote --verbose [1ms]
[2022-11-17T13:19:05.992Z] > git config --get commit.template [1ms]
[2022-11-17T13:19:11.136Z] > git status -z -uall [134ms]
[2022-11-17T13:19:11.142Z] > git symbolic-ref --short HEAD [1ms]
[2022-11-17T13:19:11.148Z] > git for-each-ref --format=%(refname)%00%(upstream:short)%00%(objectname)%00%(upstream:track)%00%(upstream:remotename)%00%(upstream:remoteref) refs/heads/main refs/remotes/main [1ms]
[2022-11-17T13:19:11.158Z] > git for-each-ref --sort -committerdate --format %(refname) %(objectname) %(*objectname) [5ms]
[2022-11-17T13:19:11.158Z] > git remote --verbose [1ms]
[2022-11-17T13:19:11.167Z] > git config --get commit.template [1ms]
[2022-11-17T13:19:16.340Z] > git status -z -uall [153ms]
[2022-11-17T13:19:16.346Z] > git symbolic-ref --short HEAD [1ms]
[2022-11-17T13:19:16.355Z] > git for-each-ref --format=%(refname)%00%(upstream:short)%00%(objectname)%00%(upstream:track)%00%(upstream:remotename)%00%(upstream:remoteref) refs/heads/main refs/remotes/main [2ms]
[2022-11-17T13:19:16.367Z] > git for-each-ref --sort -committerdate --format %(refname) %(objectname) %(*objectname) [6ms]
[2022-11-17T13:19:16.367Z] > git remote --verbose [1ms]
[2022-11-17T13:19:16.381Z] > git config --get commit.template [4ms]
[2022-11-17T13:22:21.194Z] > git status -z -uall [145ms]
[2022-11-17T13:22:21.199Z] > git symbolic-ref --short HEAD [1ms]
[2022-11-17T13:22:21.206Z] > git for-each-ref --format=%(refname)%00%(upstream:short)%00%(objectname)%00%(upstream:track)%00%(upstream:remotename)%00%(upstream:remoteref) refs/heads/main refs/remotes/main [2ms]
[2022-11-17T13:22:21.216Z] > git for-each-ref --sort -committerdate --format %(refname) %(objectname) %(*objectname) [6ms]
[2022-11-17T13:22:21.216Z] > git remote --verbose [1ms]
[2022-11-17T13:22:21.231Z] > git config --get commit.template [1ms]
[2022-11-17T13:22:26.395Z] > git status -z -uall [147ms]
[2022-11-17T13:22:26.400Z] > git symbolic-ref --short HEAD [1ms]
[2022-11-17T13:22:26.406Z] > git for-each-ref --format=%(refname)%00%(upstream:short)%00%(objectname)%00%(upstream:track)%00%(upstream:remotename)%00%(upstream:remoteref) refs/heads/main refs/remotes/main [1ms]
[2022-11-17T13:22:26.416Z] > git for-each-ref --sort -committerdate --format %(refname) %(objectname) %(*objectname) [5ms]
[2022-11-17T13:22:26.416Z] > git remote --verbose [1ms]
[2022-11-17T13:22:26.432Z] > git config --get commit.template [4ms]
[2022-11-17T13:22:31.591Z] > git status -z -uall [147ms]
[2022-11-17T13:22:31.597Z] > git symbolic-ref --short HEAD [1ms]
[2022-11-17T13:22:31.604Z] > git for-each-ref --format=%(refname)%00%(upstream:short)%00%(objectname)%00%(upstream:track)%00%(upstream:remotename)%00%(upstream:remoteref) refs/heads/main refs/remotes/main [1ms]
[2022-11-17T13:22:31.613Z] > git for-each-ref --sort -committerdate --format %(refname) %(objectname) %(*objectname) [5ms]
[2022-11-17T13:22:31.613Z] > git remote --verbose [1ms]
[2022-11-17T13:22:31.628Z] > git config --get commit.template [2ms]
[2022-11-17T13:22:36.791Z] > git status -z -uall [151ms]
[2022-11-17T13:22:36.796Z] > git symbolic-ref --short HEAD [1ms]
[2022-11-17T13:22:36.803Z] > git for-each-ref --format=%(refname)%00%(upstream:short)%00%(objectname)%00%(upstream:track)%00%(upstream:remotename)%00%(upstream:remoteref) refs/heads/main refs/remotes/main [2ms]
[2022-11-17T13:22:36.812Z] > git for-each-ref --sort -committerdate --format %(refname) %(objectname) %(*objectname) [5ms]
[2022-11-17T13:22:36.813Z] > git remote --verbose [2ms]
[2022-11-17T13:22:36.827Z] > git config --get commit.template [3ms]
[2022-11-17T13:22:41.984Z] > git status -z -uall [148ms]
[2022-11-17T13:22:41.991Z] > git symbolic-ref --short HEAD [1ms]
[2022-11-17T13:22:41.997Z] > git for-each-ref --format=%(refname)%00%(upstream:short)%00%(objectname)%00%(upstream:track)%00%(upstream:remotename)%00%(upstream:remoteref) refs/heads/main refs/remotes/main [2ms]
[2022-11-17T13:22:42.007Z] > git for-each-ref --sort -committerdate --format %(refname) %(objectname) %(*objectname) [5ms]
[2022-11-17T13:22:42.007Z] > git remote --verbose [1ms]
[2022-11-17T13:22:42.022Z] > git config --get commit.template [3ms]
[2022-11-17T13:22:47.181Z] > git status -z -uall [148ms]
[2022-11-17T13:22:47.187Z] > git symbolic-ref --short HEAD [1ms]
[2022-11-17T13:22:47.193Z] > git for-each-ref --format=%(refname)%00%(upstream:short)%00%(objectname)%00%(upstream:track)%00%(upstream:remotename)%00%(upstream:remoteref) refs/heads/main refs/remotes/main [2ms]
[2022-11-17T13:22:47.202Z] > git for-each-ref --sort -committerdate --format %(refname) %(objectname) %(*objectname) [4ms]
[2022-11-17T13:22:47.203Z] > git remote --verbose [1ms]
[2022-11-17T13:22:47.217Z] > git config --get commit.template [2ms]
[2022-11-17T13:22:52.375Z] > git status -z -uall [148ms]
[2022-11-17T13:22:52.381Z] > git symbolic-ref --short HEAD [1ms]
[2022-11-17T13:22:52.388Z] > git for-each-ref --format=%(refname)%00%(upstream:short)%00%(objectname)%00%(upstream:track)%00%(upstream:remotename)%00%(upstream:remoteref) refs/heads/main refs/remotes/main [2ms]
[2022-11-17T13:22:52.398Z] > git for-each-ref --sort -committerdate --format %(refname) %(objectname) %(*objectname) [5ms]
[2022-11-17T13:22:52.398Z] > git remote --verbose [1ms]
[2022-11-17T13:22:52.413Z] > git config --get commit.template [2ms]
[2022-11-17T13:22:57.595Z] > git status -z -uall [166ms]
[2022-11-17T13:22:57.601Z] > git symbolic-ref --short HEAD [1ms]
[2022-11-17T13:22:57.607Z] > git for-each-ref --format=%(refname)%00%(upstream:short)%00%(objectname)%00%(upstream:track)%00%(upstream:remotename)%00%(upstream:remoteref) refs/heads/main refs/remotes/main [1ms]
[2022-11-17T13:22:57.617Z] > git for-each-ref --sort -committerdate --format %(refname) %(objectname) %(*objectname) [5ms]
[2022-11-17T13:22:57.618Z] > git remote --verbose [1ms]
[2022-11-17T13:22:57.631Z] > git config --get commit.template [1ms]
[2022-11-17T13:23:02.798Z] > git status -z -uall [156ms]
[2022-11-17T13:23:02.806Z] > git symbolic-ref --short HEAD [1ms]
[2022-11-17T13:23:02.814Z] > git for-each-ref --format=%(refname)%00%(upstream:short)%00%(objectname)%00%(upstream:track)%00%(upstream:remotename)%00%(upstream:remoteref) refs/heads/main refs/remotes/main [2ms]
[2022-11-17T13:23:02.825Z] > git for-each-ref --sort -committerdate --format %(refname) %(objectname) %(*objectname) [6ms]
[2022-11-17T13:23:02.826Z] > git remote --verbose [1ms]
[2022-11-17T13:23:02.847Z] > git config --get commit.template [4ms]
[2022-11-17T13:23:08.004Z] > git status -z -uall [146ms]
[2022-11-17T13:23:08.010Z] > git symbolic-ref --short HEAD [1ms]
[2022-11-17T13:23:08.017Z] > git for-each-ref --format=%(refname)%00%(upstream:short)%00%(objectname)%00%(upstream:track)%00%(upstream:remotename)%00%(upstream:remoteref) refs/heads/main refs/remotes/main [2ms]
[2022-11-17T13:23:08.027Z] > git for-each-ref --sort -committerdate --format %(refname) %(objectname) %(*objectname) [6ms]
[2022-11-17T13:23:08.027Z] > git remote --verbose [1ms]
[2022-11-17T13:23:08.042Z] > git config --get commit.template [3ms]
[2022-11-17T13:24:40.150Z] > git status -z -uall [180ms]
[2022-11-17T13:24:40.156Z] > git symbolic-ref --short HEAD [1ms]
[2022-11-17T13:24:40.163Z] > git for-each-ref --format=%(refname)%00%(upstream:short)%00%(objectname)%00%(upstream:track)%00%(upstream:remotename)%00%(upstream:remoteref) refs/heads/main refs/remotes/main [2ms]
[2022-11-17T13:24:40.173Z] > git for-each-ref --sort -committerdate --format %(refname) %(objectname) %(*objectname) [5ms]
[2022-11-17T13:24:40.174Z] > git remote --verbose [1ms]
[2022-11-17T13:24:40.193Z] > git config --get commit.template [1ms]
[2022-11-17T13:24:45.372Z] > git status -z -uall [168ms]
[2022-11-17T13:24:45.378Z] > git symbolic-ref --short HEAD [1ms]
[2022-11-17T13:24:45.384Z] > git for-each-ref --format=%(refname)%00%(upstream:short)%00%(objectname)%00%(upstream:track)%00%(upstream:remotename)%00%(upstream:remoteref) refs/heads/main refs/remotes/main [2ms]
[2022-11-17T13:24:45.394Z] > git for-each-ref --sort -committerdate --format %(refname) %(objectname) %(*objectname) [5ms]
[2022-11-17T13:24:45.394Z] > git remote --verbose [1ms]
[2022-11-17T13:24:45.414Z] > git config --get commit.template [2ms]
[2022-11-17T13:24:50.319Z] > git ls-files --stage -- /home/kst_off/Bureau/RainAlert/.gitignore [19ms]
[2022-11-17T13:24:50.342Z] > git cat-file -s f06235c460c2de3d97efc8371125594b7b761b08 [4ms]
[2022-11-17T13:24:50.371Z] > git show --textconv :Bureau/RainAlert/.gitignore [13ms]
[2022-11-17T13:24:50.631Z] > git status -z -uall [199ms]
[2022-11-17T13:24:50.638Z] > git symbolic-ref --short HEAD [1ms]
[2022-11-17T13:24:50.647Z] > git for-each-ref --format=%(refname)%00%(upstream:short)%00%(objectname)%00%(upstream:track)%00%(upstream:remotename)%00%(upstream:remoteref) refs/heads/main refs/remotes/main [2ms]
[2022-11-17T13:24:50.661Z] > git for-each-ref --sort -committerdate --format %(refname) %(objectname) %(*objectname) [7ms]
[2022-11-17T13:24:50.661Z] > git remote --verbose [1ms]
[2022-11-17T13:24:50.682Z] > git config --get commit.template [3ms]
[2022-11-17T13:24:52.846Z] > git ls-files --stage -- /home/kst_off/Bureau/RainAlert/.gitignore [9ms]
[2022-11-17T13:24:52.858Z] > git cat-file -s f06235c460c2de3d97efc8371125594b7b761b08 [2ms]
[2022-11-17T13:24:52.885Z] > git show --textconv :Bureau/RainAlert/.gitignore [12ms]
[2022-11-17T13:25:00.057Z] > git status -z -uall [175ms]
[2022-11-17T13:25:00.063Z] > git symbolic-ref --short HEAD [1ms]
[2022-11-17T13:25:00.069Z] > git for-each-ref --format=%(refname)%00%(upstream:short)%00%(objectname)%00%(upstream:track)%00%(upstream:remotename)%00%(upstream:remoteref) refs/heads/main refs/remotes/main [1ms]
[2022-11-17T13:25:00.080Z] > git for-each-ref --sort -committerdate --format %(refname) %(objectname) %(*objectname) [6ms]
[2022-11-17T13:25:00.080Z] > git remote --verbose [1ms]
[2022-11-17T13:25:00.098Z] > git config --get commit.template [1ms]
[2022-11-17T13:25:05.377Z] > git status -z -uall [257ms]
[2022-11-17T13:25:05.383Z] > git symbolic-ref --short HEAD [1ms]
[2022-11-17T13:25:05.389Z] > git for-each-ref --format=%(refname)%00%(upstream:short)%00%(objectname)%00%(upstream:track)%00%(upstream:remotename)%00%(upstream:remoteref) refs/heads/main refs/remotes/main [1ms]
[2022-11-17T13:25:05.399Z] > git for-each-ref --sort -committerdate --format %(refname) %(objectname) %(*objectname) [5ms]
[2022-11-17T13:25:05.400Z] > git remote --verbose [1ms]
[2022-11-17T13:25:05.415Z] > git config --get commit.template [1ms]
[2022-11-17T13:25:10.598Z] > git status -z -uall [176ms]
[2022-11-17T13:25:10.605Z] > git symbolic-ref --short HEAD [1ms]
[2022-11-17T13:25:10.612Z] > git for-each-ref --format=%(refname)%00%(upstream:short)%00%(objectname)%00%(upstream:track)%00%(upstream:remotename)%00%(upstream:remoteref) refs/heads/main refs/remotes/main [1ms]
[2022-11-17T13:25:10.624Z] > git for-each-ref --sort -committerdate --format %(refname) %(objectname) %(*objectname) [6ms]
[2022-11-17T13:25:10.624Z] > git remote --verbose [1ms]
[2022-11-17T13:25:10.643Z] > git config --get commit.template [1ms]
[2022-11-17T13:25:17.161Z] > git status -z -uall [197ms]
[2022-11-17T13:25:17.169Z] > git symbolic-ref --short HEAD [2ms]
[2022-11-17T13:25:17.175Z] > git for-each-ref --format=%(refname)%00%(upstream:short)%00%(objectname)%00%(upstream:track)%00%(upstream:remotename)%00%(upstream:remoteref) refs/heads/main refs/remotes/main [1ms]
[2022-11-17T13:25:17.188Z] > git for-each-ref --sort -committerdate --format %(refname) %(objectname) %(*objectname) [7ms]
[2022-11-17T13:25:17.188Z] > git remote --verbose [1ms]
[2022-11-17T13:25:17.209Z] > git config --get commit.template [1ms]
[2022-11-17T13:25:19.081Z] > git add -A -- . [2125ms]
[2022-11-17T13:25:19.178Z] > git -c user.useConfigOnly=true commit --quiet --allow-empty-message --file - [91ms]
[2022-11-17T13:25:19.252Z] > git status -z -uall [68ms]
[2022-11-17T13:25:19.259Z] > git symbolic-ref --short HEAD [1ms]
[2022-11-17T13:25:19.267Z] > git for-each-ref --format=%(refname)%00%(upstream:short)%00%(objectname)%00%(upstream:track)%00%(upstream:remotename)%00%(upstream:remoteref) refs/heads/main refs/remotes/main [2ms]
[2022-11-17T13:25:19.279Z] > git for-each-ref --sort -committerdate --format %(refname) %(objectname) %(*objectname) [7ms]
[2022-11-17T13:25:19.279Z] > git remote --verbose [1ms]
[2022-11-17T13:25:19.292Z] > git config --get commit.template [1ms]
[2022-11-17T13:25:19.302Z] > git config --get commit.template [1ms]
[2022-11-17T13:25:20.488Z] > git ls-files --stage -- /home/kst_off/Bureau/RainAlert/.gitignore [20ms]
[2022-11-17T13:25:20.510Z] > git cat-file -s f06235c460c2de3d97efc8371125594b7b761b08 [4ms]
[2022-11-17T13:25:20.538Z] > git show --textconv :Bureau/RainAlert/.gitignore [12ms]
[2022-11-17T13:25:22.297Z] > git status -z -uall [77ms]
[2022-11-17T13:25:22.304Z] > git symbolic-ref --short HEAD [1ms]
[2022-11-17T13:25:22.311Z] > git for-each-ref --format=%(refname)%00%(upstream:short)%00%(objectname)%00%(upstream:track)%00%(upstream:remotename)%00%(upstream:remoteref) refs/heads/main refs/remotes/main [2ms]
[2022-11-17T13:25:22.323Z] > git for-each-ref --sort -committerdate --format %(refname) %(objectname) %(*objectname) [6ms]
[2022-11-17T13:25:22.323Z] > git remote --verbose [1ms]
[2022-11-17T13:25:22.332Z] > git config --get commit.template [1ms]
[2022-11-17T13:25:29.979Z] > git status -z -uall [103ms]
[2022-11-17T13:25:29.986Z] > git symbolic-ref --short HEAD [1ms]
[2022-11-17T13:25:29.994Z] > git for-each-ref --format=%(refname)%00%(upstream:short)%00%(objectname)%00%(upstream:track)%00%(upstream:remotename)%00%(upstream:remoteref) refs/heads/main refs/remotes/main [2ms]
[2022-11-17T13:25:30.008Z] > git for-each-ref --sort -committerdate --format %(refname) %(objectname) %(*objectname) [7ms]
[2022-11-17T13:25:30.008Z] > git remote --verbose [1ms]
[2022-11-17T13:25:30.023Z] > git config --get commit.template [2ms]
[2022-11-17T13:25:35.139Z] > git status -z -uall [105ms]
[2022-11-17T13:25:35.146Z] > git symbolic-ref --short HEAD [1ms]
[2022-11-17T13:25:35.154Z] > git for-each-ref --format=%(refname)%00%(upstream:short)%00%(objectname)%00%(upstream:track)%00%(upstream:remotename)%00%(upstream:remoteref) refs/heads/main refs/remotes/main [2ms]
[2022-11-17T13:25:35.167Z] > git for-each-ref --sort -committerdate --format %(refname) %(objectname) %(*objectname) [8ms]
[2022-11-17T13:25:35.167Z] > git remote --verbose [1ms]
[2022-11-17T13:25:35.177Z] > git config --get commit.template [2ms]
[2022-11-17T13:26:34.890Z] > git status -z -uall [138ms]
[2022-11-17T13:26:34.897Z] > git symbolic-ref --short HEAD [1ms]
[2022-11-17T13:26:34.906Z] > git for-each-ref --format=%(refname)%00%(upstream:short)%00%(objectname)%00%(upstream:track)%00%(upstream:remotename)%00%(upstream:remoteref) refs/heads/main refs/remotes/main [3ms]
[2022-11-17T13:26:34.919Z] > git for-each-ref --sort -committerdate --format %(refname) %(objectname) %(*objectname) [7ms]
[2022-11-17T13:26:34.920Z] > git remote --verbose [2ms]
[2022-11-17T13:26:34.934Z] > git config --get commit.template [1ms]
[2022-11-17T13:26:39.544Z] > git ls-files --stage -- /home/kst_off/Bureau/RainAlert/.gitignore [7ms]
[2022-11-17T13:26:39.552Z] > git cat-file -s f06235c460c2de3d97efc8371125594b7b761b08 [2ms]
[2022-11-17T13:26:39.571Z] > git show --textconv :Bureau/RainAlert/.gitignore [8ms]
[2022-11-17T13:26:40.089Z] > git status -z -uall [138ms]
[2022-11-17T13:26:40.096Z] > git symbolic-ref --short HEAD [1ms]
[2022-11-17T13:26:40.103Z] > git for-each-ref --format=%(refname)%00%(upstream:short)%00%(objectname)%00%(upstream:track)%00%(upstream:remotename)%00%(upstream:remoteref) refs/heads/main refs/remotes/main [2ms]
[2022-11-17T13:26:40.115Z] > git for-each-ref --sort -committerdate --format %(refname) %(objectname) %(*objectname) [6ms]
[2022-11-17T13:26:40.115Z] > git remote --verbose [1ms]
[2022-11-17T13:26:40.126Z] > git config --get commit.template [2ms]
[2022-11-17T13:26:43.712Z] > git ls-files --stage -- /home/kst_off/Bureau/RainAlert/.gitignore [7ms]
[2022-11-17T13:26:43.722Z] > git cat-file -s f06235c460c2de3d97efc8371125594b7b761b08 [2ms]
[2022-11-17T13:26:43.741Z] > git show --textconv :Bureau/RainAlert/.gitignore [9ms]
[2022-11-17T13:26:45.299Z] > git status -z -uall [155ms]
[2022-11-17T13:26:45.307Z] > git symbolic-ref --short HEAD [2ms]
[2022-11-17T13:26:45.314Z] > git for-each-ref --format=%(refname)%00%(upstream:short)%00%(objectname)%00%(upstream:track)%00%(upstream:remotename)%00%(upstream:remoteref) refs/heads/main refs/remotes/main [2ms]
[2022-11-17T13:26:45.327Z] > git for-each-ref --sort -committerdate --format %(refname) %(objectname) %(*objectname) [8ms]
[2022-11-17T13:26:45.327Z] > git remote --verbose [1ms]
[2022-11-17T13:26:45.337Z] > git config --get commit.template [1ms]
[2022-11-17T13:26:50.481Z] > git status -z -uall [134ms]
[2022-11-17T13:26:50.489Z] > git symbolic-ref --short HEAD [1ms]
[2022-11-17T13:26:50.496Z] > git for-each-ref --format=%(refname)%00%(upstream:short)%00%(objectname)%00%(upstream:track)%00%(upstream:remotename)%00%(upstream:remoteref) refs/heads/main refs/remotes/main [1ms]
[2022-11-17T13:26:50.509Z] > git for-each-ref --sort -committerdate --format %(refname) %(objectname) %(*objectname) [7ms]
[2022-11-17T13:26:50.509Z] > git remote --verbose [1ms]
[2022-11-17T13:26:50.521Z] > git config --get commit.template [2ms]
[2022-11-17T13:26:55.670Z] > git status -z -uall [137ms]
[2022-11-17T13:26:55.680Z] > git symbolic-ref --short HEAD [1ms]
[2022-11-17T13:26:55.687Z] > git for-each-ref --format=%(refname)%00%(upstream:short)%00%(objectname)%00%(upstream:track)%00%(upstream:remotename)%00%(upstream:remoteref) refs/heads/main refs/remotes/main [1ms]
[2022-11-17T13:26:55.698Z] > git for-each-ref --sort -committerdate --format %(refname) %(objectname) %(*objectname) [5ms]
[2022-11-17T13:26:55.698Z] > git remote --verbose [1ms]
[2022-11-17T13:26:55.711Z] > git config --get commit.template [3ms]
[2022-11-17T13:27:00.855Z] > git status -z -uall [137ms]
[2022-11-17T13:27:00.861Z] > git symbolic-ref --short HEAD [1ms]
[2022-11-17T13:27:00.869Z] > git for-each-ref --format=%(refname)%00%(upstream:short)%00%(objectname)%00%(upstream:track)%00%(upstream:remotename)%00%(upstream:remoteref) refs/heads/main refs/remotes/main [3ms]
[2022-11-17T13:27:00.880Z] > git for-each-ref --sort -committerdate --format %(refname) %(objectname) %(*objectname) [5ms]
[2022-11-17T13:27:00.881Z] > git remote --verbose [1ms]
[2022-11-17T13:27:00.893Z] > git config --get commit.template [3ms]
[2022-11-17T13:27:06.044Z] > git status -z -uall [141ms]
[2022-11-17T13:27:06.052Z] > git symbolic-ref --short HEAD [1ms]
[2022-11-17T13:27:06.060Z] > git for-each-ref --format=%(refname)%00%(upstream:short)%00%(objectname)%00%(upstream:track)%00%(upstream:remotename)%00%(upstream:remoteref) refs/heads/main refs/remotes/main [2ms]
[2022-11-17T13:27:06.074Z] > git for-each-ref --sort -committerdate --format %(refname) %(objectname) %(*objectname) [8ms]
[2022-11-17T13:27:06.074Z] > git remote --verbose [1ms]
[2022-11-17T13:27:06.087Z] > git config --get commit.template [3ms]
[2022-11-17T13:27:15.002Z] > git status -z -uall [135ms]
[2022-11-17T13:27:15.009Z] > git symbolic-ref --short HEAD [1ms]
[2022-11-17T13:27:15.017Z] > git for-each-ref --format=%(refname)%00%(upstream:short)%00%(objectname)%00%(upstream:track)%00%(upstream:remotename)%00%(upstream:remoteref) refs/heads/main refs/remotes/main [2ms]
[2022-11-17T13:27:15.030Z] > git for-each-ref --sort -committerdate --format %(refname) %(objectname) %(*objectname) [7ms]
[2022-11-17T13:27:15.030Z] > git remote --verbose [1ms]
[2022-11-17T13:27:15.041Z] > git config --get commit.template [1ms]
[2022-11-17T13:27:20.202Z] > git status -z -uall [144ms]
[2022-11-17T13:27:20.210Z] > git symbolic-ref --short HEAD [1ms]
[2022-11-17T13:27:20.218Z] > git for-each-ref --format=%(refname)%00%(upstream:short)%00%(objectname)%00%(upstream:track)%00%(upstream:remotename)%00%(upstream:remoteref) refs/heads/main refs/remotes/main [2ms]
[2022-11-17T13:27:20.232Z] > git for-each-ref --sort -committerdate --format %(refname) %(objectname) %(*objectname) [7ms]
[2022-11-17T13:27:20.232Z] > git remote --verbose [1ms]
[2022-11-17T13:27:20.244Z] > git config --get commit.template [2ms]
