[Info  - 13:05:04.656] Reading sessions from keychain...
[Info  - 13:05:04.671] Getting sessions for user:email...
[Info  - 13:05:04.750] Getting sessions for all scopes...
[Trace  - 13:05:04.750] Token acquired from secret storage.
[Info  - 13:05:04.750] Got stored sessions!
[Trace  - 13:05:04.750] Read the following session from the keychain with the following scopes: read:user repo user:email workflow
[Info  - 13:05:04.750] Got 1 verified sessions.
[Info  - 13:05:04.750] Got 0 sessions for user:email...
[Info  - 13:05:04.750] Got 1 sessions for ...
[Info  - 13:05:05.73] Getting sessions for read:user,repo,user:email...
[Info  - 13:05:05.73] Got 0 sessions for read:user,repo,user:email...
[Info  - 13:05:05.97] Getting sessions for all scopes...
[Info  - 13:05:05.97] Got 1 sessions for ...
[Info  - 13:07:55.792] Getting sessions for read:user,repo,user:email,workflow...
[Info  - 13:07:55.792] Got 1 sessions for read:user,repo,user:email,workflow...
[Info  - 13:18:42.918] Getting sessions for read:user,repo,user:email...
[Info  - 13:18:42.918] Got 0 sessions for read:user,repo,user:email...
[Info  - 13:24:49.434] Getting sessions for read:user,repo,user:email,workflow...
[Info  - 13:24:49.434] Got 1 sessions for read:user,repo,user:email,workflow...
[Info  - 13:26:42.845] Getting sessions for read:user,repo,user:email,workflow...
[Info  - 13:26:42.845] Got 1 sessions for read:user,repo,user:email,workflow...
