[2022-11-17T13:27:25.844Z] Niveau de journal : Info
[2022-11-17T13:27:25.848Z] [info] Validation du git trouvé dans : git
[2022-11-17T13:27:25.860Z] [info] Utilisation de git 2.37.3 à partir de git
[2022-11-17T13:27:25.874Z] > git rev-parse --show-toplevel [3ms]
[2022-11-17T13:27:25.956Z] > git rev-parse --git-dir --git-common-dir [74ms]
[2022-11-17T13:27:25.961Z] [info] Open repository: /home/kst_off
[2022-11-17T13:27:26.145Z] > git status -z -uall [177ms]
[2022-11-17T13:27:26.152Z] > git symbolic-ref --short HEAD [2ms]
[2022-11-17T13:27:26.171Z] > git for-each-ref --format=%(refname)%00%(upstream:short)%00%(objectname)%00%(upstream:track)%00%(upstream:remotename)%00%(upstream:remoteref) refs/heads/main refs/remotes/main [15ms]
[2022-11-17T13:27:26.184Z] > git remote --verbose [2ms]
[2022-11-17T13:27:26.184Z] > git for-each-ref --sort -committerdate --format %(refname) %(objectname) %(*objectname) [7ms]
[2022-11-17T13:27:26.199Z] > git config --get commit.template [1ms]
[2022-11-17T13:27:26.348Z] > git status -z -uall [142ms]
[2022-11-17T13:27:26.355Z] > git symbolic-ref --short HEAD [1ms]
[2022-11-17T13:27:26.361Z] > git for-each-ref --format=%(refname)%00%(upstream:short)%00%(objectname)%00%(upstream:track)%00%(upstream:remotename)%00%(upstream:remoteref) refs/heads/main refs/remotes/main [2ms]
[2022-11-17T13:27:26.370Z] > git for-each-ref --sort -committerdate --format %(refname) %(objectname) %(*objectname) [5ms]
[2022-11-17T13:27:26.370Z] > git remote --verbose [1ms]
[2022-11-17T13:27:26.383Z] > git config --get commit.template [1ms]
[2022-11-17T13:27:26.564Z] > git check-ignore -v -z --stdin [17ms]
[2022-11-17T13:27:28.302Z] > git status -z -uall [143ms]
[2022-11-17T13:27:28.308Z] > git symbolic-ref --short HEAD [1ms]
[2022-11-17T13:27:28.316Z] > git for-each-ref --format=%(refname)%00%(upstream:short)%00%(objectname)%00%(upstream:track)%00%(upstream:remotename)%00%(upstream:remoteref) refs/heads/main refs/remotes/main [2ms]
[2022-11-17T13:27:28.327Z] > git for-each-ref --sort -committerdate --format %(refname) %(objectname) %(*objectname) [6ms]
[2022-11-17T13:27:28.328Z] > git remote --verbose [2ms]
[2022-11-17T13:27:28.344Z] > git config --get commit.template [5ms]
[2022-11-17T13:27:33.515Z] > git status -z -uall [147ms]
[2022-11-17T13:27:33.521Z] > git symbolic-ref --short HEAD [1ms]
[2022-11-17T13:27:33.528Z] > git for-each-ref --format=%(refname)%00%(upstream:short)%00%(objectname)%00%(upstream:track)%00%(upstream:remotename)%00%(upstream:remoteref) refs/heads/main refs/remotes/main [2ms]
[2022-11-17T13:27:33.538Z] > git for-each-ref --sort -committerdate --format %(refname) %(objectname) %(*objectname) [5ms]
[2022-11-17T13:27:33.538Z] > git remote --verbose [1ms]
[2022-11-17T13:27:33.550Z] > git config --get commit.template [2ms]
[2022-11-17T13:28:29.102Z] > git status -z -uall [153ms]
[2022-11-17T13:28:29.107Z] > git symbolic-ref --short HEAD [1ms]
[2022-11-17T13:28:29.113Z] > git for-each-ref --format=%(refname)%00%(upstream:short)%00%(objectname)%00%(upstream:track)%00%(upstream:remotename)%00%(upstream:remoteref) refs/heads/main refs/remotes/main [2ms]
[2022-11-17T13:28:29.121Z] > git for-each-ref --sort -committerdate --format %(refname) %(objectname) %(*objectname) [4ms]
[2022-11-17T13:28:29.122Z] > git remote --verbose [2ms]
[2022-11-17T13:28:29.137Z] > git config --get commit.template [1ms]
[2022-11-17T13:28:34.302Z] > git status -z -uall [154ms]
[2022-11-17T13:28:34.306Z] > git symbolic-ref --short HEAD [1ms]
[2022-11-17T13:28:34.312Z] > git for-each-ref --format=%(refname)%00%(upstream:short)%00%(objectname)%00%(upstream:track)%00%(upstream:remotename)%00%(upstream:remoteref) refs/heads/main refs/remotes/main [2ms]
[2022-11-17T13:28:34.320Z] > git for-each-ref --sort -committerdate --format %(refname) %(objectname) %(*objectname) [4ms]
[2022-11-17T13:28:34.320Z] > git remote --verbose [1ms]
[2022-11-17T13:28:34.334Z] > git config --get commit.template [4ms]
[2022-11-17T13:28:39.505Z] > git status -z -uall [160ms]
[2022-11-17T13:28:39.510Z] > git symbolic-ref --short HEAD [1ms]
[2022-11-17T13:28:39.516Z] > git for-each-ref --format=%(refname)%00%(upstream:short)%00%(objectname)%00%(upstream:track)%00%(upstream:remotename)%00%(upstream:remoteref) refs/heads/main refs/remotes/main [2ms]
[2022-11-17T13:28:39.524Z] > git for-each-ref --sort -committerdate --format %(refname) %(objectname) %(*objectname) [4ms]
[2022-11-17T13:28:39.524Z] > git remote --verbose [1ms]
[2022-11-17T13:28:39.538Z] > git config --get commit.template [4ms]
[2022-11-17T13:28:42.175Z] > git check-ignore -v -z --stdin [22ms]
[2022-11-17T13:28:44.726Z] > git status -z -uall [171ms]
[2022-11-17T13:28:44.731Z] > git symbolic-ref --short HEAD [1ms]
[2022-11-17T13:28:44.737Z] > git for-each-ref --format=%(refname)%00%(upstream:short)%00%(objectname)%00%(upstream:track)%00%(upstream:remotename)%00%(upstream:remoteref) refs/heads/main refs/remotes/main [2ms]
[2022-11-17T13:28:44.746Z] > git for-each-ref --sort -committerdate --format %(refname) %(objectname) %(*objectname) [5ms]
[2022-11-17T13:28:44.746Z] > git remote --verbose [1ms]
[2022-11-17T13:28:44.761Z] > git config --get commit.template [2ms]
[2022-11-17T13:29:10.936Z] > git status -z -uall [146ms]
[2022-11-17T13:29:10.941Z] > git symbolic-ref --short HEAD [1ms]
[2022-11-17T13:29:10.947Z] > git for-each-ref --format=%(refname)%00%(upstream:short)%00%(objectname)%00%(upstream:track)%00%(upstream:remotename)%00%(upstream:remoteref) refs/heads/main refs/remotes/main [2ms]
[2022-11-17T13:29:10.956Z] > git for-each-ref --sort -committerdate --format %(refname) %(objectname) %(*objectname) [5ms]
[2022-11-17T13:29:10.956Z] > git remote --verbose [2ms]
[2022-11-17T13:29:10.968Z] > git config --get commit.template [2ms]
[2022-11-17T13:29:16.157Z] > git status -z -uall [179ms]
[2022-11-17T13:29:16.163Z] > git symbolic-ref --short HEAD [1ms]
[2022-11-17T13:29:16.170Z] > git for-each-ref --format=%(refname)%00%(upstream:short)%00%(objectname)%00%(upstream:track)%00%(upstream:remotename)%00%(upstream:remoteref) refs/heads/main refs/remotes/main [3ms]
[2022-11-17T13:29:16.182Z] > git for-each-ref --sort -committerdate --format %(refname) %(objectname) %(*objectname) [6ms]
[2022-11-17T13:29:16.183Z] > git remote --verbose [2ms]
[2022-11-17T13:29:16.206Z] > git config --get commit.template [6ms]
