[2022-10-20 14:17:19.597] [exthost] [info] Extension host with pid 136 started
[2022-10-20 14:17:19.704] [exthost] [info] ExtensionService#_doActivateExtension vscode.html-language-features, startup: false, activationEvent: 'onLanguage:html'
[2022-10-20 14:17:19.737] [exthost] [info] ExtensionService#_doActivateExtension vscode.microsoft-authentication, startup: false, activationEvent: 'onAuthenticationRequest:microsoft'
[2022-10-20 14:17:19.763] [exthost] [info] ExtensionService#_doActivateExtension vscode.debug-auto-launch, startup: true, activationEvent: '*'
[2022-10-20 14:17:19.767] [exthost] [info] ExtensionService#_doActivateExtension vscode.git-base, startup: true, activationEvent: '*', root cause: vscode.git
[2022-10-20 14:17:19.771] [exthost] [info] ExtensionService#_doActivateExtension vscode.ipynb, startup: true, activationEvent: '*'
[2022-10-20 14:17:19.776] [exthost] [info] ExtensionService#_doActivateExtension mhutchie.git-graph, startup: true, activationEvent: '*'
[2022-10-20 14:17:19.816] [exthost] [info] ExtensionService#_doActivateExtension michelemelluso.code-beautifier, startup: true, activationEvent: '*'
[2022-10-20 14:17:19.997] [exthost] [info] ExtensionService#_doActivateExtension vscode.git, startup: true, activationEvent: '*'
[2022-10-20 14:17:20.022] [exthost] [info] ExtensionService#_doActivateExtension vscode.github, startup: true, activationEvent: '*'
[2022-10-20 14:17:20.076] [exthost] [info] Eager extensions activated
[2022-10-20 14:17:20.120] [exthost] [info] ExtensionService#_doActivateExtension vscode.emmet, startup: false, activationEvent: 'onStartupFinished'
[2022-10-20 14:17:20.130] [exthost] [info] ExtensionService#_doActivateExtension vscode.merge-conflict, startup: false, activationEvent: 'onStartupFinished'
[2022-10-20 14:17:20.134] [exthost] [info] ExtensionService#_doActivateExtension eamodio.gitlens, startup: false, activationEvent: 'onStartupFinished'
[2022-10-20 14:17:20.184] [exthost] [info] ExtensionService#_doActivateExtension vscode.github-authentication, startup: false, activationEvent: 'onAuthenticationRequest:github'
[2022-10-20 14:17:32.507] [exthost] [info] ExtensionService#_doActivateExtension vscode.css-language-features, startup: false, activationEvent: 'onLanguage:css'
[2022-10-20 14:49:31.422] [exthost] [info] Extension host terminating: received terminate message from renderer
[2022-10-20 14:49:31.463] [exthost] [info] Extension host with pid 136 exiting with code 0
[2022-10-20 14:49:33.522] [exthost] [info] Extension host with pid 1508 started
[2022-10-20 14:49:33.522] [exthost] [info] Skipping acquiring lock for /home/kst_off/.var/app/com.visualstudio.code/config/Code/User/workspaceStorage/db1f963f2e34eae065568ffdb718a433.
[2022-10-20 14:49:33.666] [exthost] [info] ExtensionService#_doActivateExtension vscode.microsoft-authentication, startup: false, activationEvent: 'onAuthenticationRequest:microsoft'
[2022-10-20 14:49:33.682] [exthost] [info] ExtensionService#_doActivateExtension vscode.debug-auto-launch, startup: true, activationEvent: '*'
[2022-10-20 14:49:33.683] [exthost] [info] ExtensionService#_doActivateExtension vscode.git-base, startup: true, activationEvent: '*'
[2022-10-20 14:49:33.685] [exthost] [info] ExtensionService#_doActivateExtension vscode.ipynb, startup: true, activationEvent: '*'
[2022-10-20 14:49:33.725] [exthost] [info] ExtensionService#_doActivateExtension vscode.github, startup: true, activationEvent: '*'
[2022-10-20 14:49:33.734] [exthost] [info] Eager extensions activated
[2022-10-20 14:49:33.743] [exthost] [info] ExtensionService#_doActivateExtension vscode.emmet, startup: false, activationEvent: 'onStartupFinished'
[2022-10-20 14:49:33.748] [exthost] [info] ExtensionService#_doActivateExtension vscode.merge-conflict, startup: false, activationEvent: 'onStartupFinished'
[2022-10-20 14:49:33.750] [exthost] [info] ExtensionService#_doActivateExtension eamodio.gitlens, startup: false, activationEvent: 'onStartupFinished'
[2022-10-20 14:49:33.965] [exthost] [info] ExtensionService#_doActivateExtension vscode.github-authentication, startup: false, activationEvent: 'onAuthenticationRequest:github'
[2022-10-20 14:49:33.995] [exthost] [info] ExtensionService#_doActivateExtension vscode.git, startup: false, activationEvent: 'api', root cause: vscode.github
[2022-10-20 14:49:34.031] [exthost] [info] ExtensionService#_doActivateExtension mhutchie.git-graph, startup: false, activationEvent: '*'
[2022-10-20 14:49:34.044] [exthost] [info] ExtensionService#_doActivateExtension michelemelluso.code-beautifier, startup: false, activationEvent: '*'
[2022-10-20 14:49:39.630] [exthost] [warning] [Decorations] CAPPING events from decorations provider vscode.git 10000
[2022-10-20 14:49:40.477] [exthost] [info] ExtensionService#_doActivateExtension vscode.configuration-editing, startup: false, activationEvent: 'onLanguage:jsonc'
[2022-10-20 14:49:40.485] [exthost] [info] ExtensionService#_doActivateExtension vscode.json-language-features, startup: false, activationEvent: 'onLanguage:jsonc'
[2022-10-20 14:49:40.556] [exthost] [info] ExtensionService#_doActivateExtension vscode.typescript-language-features, startup: false, activationEvent: 'onLanguage:jsonc'
[2022-10-20 14:49:40.752] [exthost] [warning] [Decorations] CAPPING events from decorations provider vscode.git 10000
[2022-10-20 14:57:10.339] [exthost] [info] ExtensionService#_doActivateExtension vscode.html-language-features, startup: false, activationEvent: 'onLanguage:html'
[2022-10-20 15:02:05.839] [exthost] [info] ExtensionService#_doActivateExtension ritwickdey.LiveServer, startup: false, activationEvent: 'onStartupFinished'
[2022-10-20 15:07:44.166] [exthost] [info] ExtensionService#_doActivateExtension vscode.css-language-features, startup: false, activationEvent: 'onLanguage:css'
