[2022-10-20T12:49:34.055Z] Niveau de journal : Info
[2022-10-20T12:49:34.057Z] [info] Validation du git trouvé dans : git
[2022-10-20T12:49:34.071Z] [info] Utilisation de git 2.37.3 à partir de git
[2022-10-20T12:49:34.093Z] > git rev-parse --show-toplevel [14ms]
[2022-10-20T12:49:34.138Z] > git rev-parse --git-dir --git-common-dir [36ms]
[2022-10-20T12:49:34.144Z] [info] Open repository: /home/kst_off
[2022-10-20T12:49:34.225Z] > git status -z -uall [75ms]
[2022-10-20T12:49:34.691Z] > git check-ignore -v -z --stdin [4ms]
[2022-10-20T12:49:39.490Z] > git symbolic-ref --short HEAD [3ms]
[2022-10-20T12:49:39.507Z] > git for-each-ref --format=%(refname)%00%(upstream:short)%00%(objectname)%00%(upstream:track)%00%(upstream:remotename)%00%(upstream:remoteref) refs/heads/main refs/remotes/main [4ms]
[2022-10-20T12:49:39.525Z] > git for-each-ref --sort -committerdate --format %(refname) %(objectname) %(*objectname) [9ms]
[2022-10-20T12:49:39.525Z] > git remote --verbose [2ms]
[2022-10-20T12:49:39.659Z] > git config --get commit.template [5ms]
[2022-10-20T12:49:40.666Z] > git status -z -uall [1001ms]
[2022-10-20T12:49:40.666Z] > git symbolic-ref --short HEAD [1ms]
[2022-10-20T12:49:40.675Z] > git for-each-ref --format=%(refname)%00%(upstream:short)%00%(objectname)%00%(upstream:track)%00%(upstream:remotename)%00%(upstream:remoteref) refs/heads/main refs/remotes/main [2ms]
[2022-10-20T12:49:40.687Z] > git for-each-ref --sort -committerdate --format %(refname) %(objectname) %(*objectname) [6ms]
[2022-10-20T12:49:40.688Z] > git remote --verbose [1ms]
[2022-10-20T12:49:40.777Z] > git config --get commit.template [1ms]
[2022-10-20T12:49:41.891Z] > git check-ignore -v -z --stdin [11ms]
[2022-10-20T12:50:02.654Z] > git check-ignore -v -z --stdin [4ms]
[2022-10-20T12:50:32.332Z] > git check-ignore -v -z --stdin [1ms]
[2022-10-20T12:51:03.788Z] > git check-ignore -v -z --stdin [4ms]
[2022-10-20T12:57:10.498Z] > git show --textconv :Bureau/exo_html/first/index.html [7ms]
[2022-10-20T12:57:10.499Z] > git ls-files --stage -- /home/kst_off/Bureau/exo_html/first/index.html [2ms]
[2022-10-20T13:02:07.456Z] > git show --textconv :Bureau/exo_html/first/index.html [9ms]
[2022-10-20T13:02:07.457Z] > git ls-files --stage -- /home/kst_off/Bureau/exo_html/first/index.html [2ms]
[2022-10-20T13:02:25.741Z] > git show --textconv :Bureau/exo_html/first/index.html [9ms]
[2022-10-20T13:02:25.742Z] > git ls-files --stage -- /home/kst_off/Bureau/exo_html/first/index.html [2ms]
[2022-10-20T13:07:44.456Z] > git show --textconv :Bureau/exo_html/first/style.css [6ms]
[2022-10-20T13:07:44.457Z] > git ls-files --stage -- /home/kst_off/Bureau/exo_html/first/style.css [2ms]
[2022-10-20T13:07:44.823Z] > git check-ignore -v -z --stdin [5ms]
[2022-10-20T13:07:46.185Z] > git show --textconv :Bureau/exo_html/first/index.html [24ms]
[2022-10-20T13:07:46.191Z] > git ls-files --stage -- /home/kst_off/Bureau/exo_html/first/index.html [8ms]
[2022-10-20T13:09:10.236Z] > git show --textconv :Bureau/exo_html/first/style.css [12ms]
[2022-10-20T13:09:10.238Z] > git ls-files --stage -- /home/kst_off/Bureau/exo_html/first/style.css [3ms]
[2022-10-20T13:09:33.723Z] > git show --textconv :Bureau/exo_html/first/index.html [9ms]
[2022-10-20T13:09:33.724Z] > git ls-files --stage -- /home/kst_off/Bureau/exo_html/first/index.html [2ms]
[2022-10-20T13:09:34.518Z] > git show --textconv :Bureau/exo_html/first/style.css [8ms]
[2022-10-20T13:09:34.519Z] > git ls-files --stage -- /home/kst_off/Bureau/exo_html/first/style.css [1ms]
[2022-10-20T13:09:54.087Z] > git show --textconv :Bureau/exo_html/first/index.html [8ms]
[2022-10-20T13:09:54.088Z] > git ls-files --stage -- /home/kst_off/Bureau/exo_html/first/index.html [1ms]
[2022-10-20T13:10:00.053Z] > git show --textconv :Bureau/exo_html/first/style.css [8ms]
[2022-10-20T13:10:00.055Z] > git ls-files --stage -- /home/kst_off/Bureau/exo_html/first/style.css [2ms]
[2022-10-20T13:10:04.435Z] > git show --textconv :Bureau/exo_html/first/index.html [11ms]
[2022-10-20T13:10:04.436Z] > git ls-files --stage -- /home/kst_off/Bureau/exo_html/first/index.html [2ms]
[2022-10-20T13:10:05.747Z] > git show --textconv :Bureau/exo_html/first/style.css [10ms]
[2022-10-20T13:10:05.748Z] > git ls-files --stage -- /home/kst_off/Bureau/exo_html/first/style.css [2ms]
[2022-10-20T13:10:19.865Z] > git show --textconv :Bureau/exo_html/first/index.html [8ms]
[2022-10-20T13:10:19.866Z] > git ls-files --stage -- /home/kst_off/Bureau/exo_html/first/index.html [2ms]
[2022-10-20T13:10:21.582Z] > git show --textconv :Bureau/exo_html/first/style.css [9ms]
[2022-10-20T13:10:21.583Z] > git ls-files --stage -- /home/kst_off/Bureau/exo_html/first/style.css [1ms]
[2022-10-20T13:10:27.711Z] > git show --textconv :Bureau/exo_html/first/index.html [10ms]
[2022-10-20T13:10:27.712Z] > git ls-files --stage -- /home/kst_off/Bureau/exo_html/first/index.html [3ms]
[2022-10-20T13:10:35.898Z] > git show --textconv :Bureau/exo_html/first/style.css [10ms]
[2022-10-20T13:10:35.900Z] > git ls-files --stage -- /home/kst_off/Bureau/exo_html/first/style.css [4ms]
[2022-10-20T13:10:44.129Z] > git show --textconv :Bureau/exo_html/first/index.html [10ms]
[2022-10-20T13:10:44.130Z] > git ls-files --stage -- /home/kst_off/Bureau/exo_html/first/index.html [1ms]
[2022-10-20T13:10:57.721Z] > git show --textconv :Bureau/exo_html/first/style.css [10ms]
[2022-10-20T13:10:57.724Z] > git ls-files --stage -- /home/kst_off/Bureau/exo_html/first/style.css [4ms]
[2022-10-20T13:11:18.892Z] > git show --textconv :Bureau/exo_html/first/index.html [10ms]
[2022-10-20T13:11:18.893Z] > git ls-files --stage -- /home/kst_off/Bureau/exo_html/first/index.html [1ms]
[2022-10-20T13:11:20.415Z] > git show --textconv :Bureau/exo_html/first/style.css [13ms]
[2022-10-20T13:11:20.416Z] > git ls-files --stage -- /home/kst_off/Bureau/exo_html/first/style.css [3ms]
[2022-10-20T13:11:38.718Z] > git show --textconv :Bureau/exo_html/first/index.html [12ms]
[2022-10-20T13:11:38.719Z] > git ls-files --stage -- /home/kst_off/Bureau/exo_html/first/index.html [2ms]
[2022-10-20T13:11:44.573Z] > git show --textconv :Bureau/exo_html/first/style.css [8ms]
[2022-10-20T13:11:44.574Z] > git ls-files --stage -- /home/kst_off/Bureau/exo_html/first/style.css [2ms]
[2022-10-20T13:12:10.233Z] > git show --textconv :Bureau/exo_html/first/index.html [7ms]
[2022-10-20T13:12:10.234Z] > git ls-files --stage -- /home/kst_off/Bureau/exo_html/first/index.html [2ms]
[2022-10-20T13:12:16.778Z] > git show --textconv :Bureau/exo_html/first/style.css [31ms]
[2022-10-20T13:12:16.782Z] > git ls-files --stage -- /home/kst_off/Bureau/exo_html/first/style.css [13ms]
[2022-10-20T13:12:18.773Z] > git show --textconv :Bureau/exo_html/first/index.html [11ms]
[2022-10-20T13:12:18.774Z] > git ls-files --stage -- /home/kst_off/Bureau/exo_html/first/index.html [2ms]
[2022-10-20T13:12:26.730Z] > git show --textconv :Bureau/exo_html/first/style.css [9ms]
[2022-10-20T13:12:26.732Z] > git ls-files --stage -- /home/kst_off/Bureau/exo_html/first/style.css [2ms]
[2022-10-20T13:13:23.638Z] > git show --textconv :Bureau/exo_html/first/index.html [10ms]
[2022-10-20T13:13:23.639Z] > git ls-files --stage -- /home/kst_off/Bureau/exo_html/first/index.html [1ms]
[2022-10-20T13:13:37.894Z] > git show --textconv :Bureau/exo_html/first/style.css [12ms]
[2022-10-20T13:13:37.895Z] > git ls-files --stage -- /home/kst_off/Bureau/exo_html/first/style.css [4ms]
[2022-10-20T13:13:56.996Z] > git show --textconv :Bureau/exo_html/first/index.html [10ms]
[2022-10-20T13:13:56.996Z] > git ls-files --stage -- /home/kst_off/Bureau/exo_html/first/index.html [1ms]
[2022-10-20T13:14:08.038Z] > git show --textconv :Bureau/exo_html/first/style.css [8ms]
[2022-10-20T13:14:08.040Z] > git ls-files --stage -- /home/kst_off/Bureau/exo_html/first/style.css [2ms]
[2022-10-20T13:15:35.680Z] > git show --textconv :Bureau/exo_html/first/index.html [8ms]
[2022-10-20T13:15:35.681Z] > git ls-files --stage -- /home/kst_off/Bureau/exo_html/first/index.html [2ms]
[2022-10-20T13:16:49.789Z] > git show --textconv :Bureau/exo_html/first/style.css [10ms]
[2022-10-20T13:16:49.790Z] > git ls-files --stage -- /home/kst_off/Bureau/exo_html/first/style.css [2ms]
[2022-10-20T13:17:16.861Z] > git show --textconv :Bureau/exo_html/first/index.html [10ms]
[2022-10-20T13:17:16.862Z] > git ls-files --stage -- /home/kst_off/Bureau/exo_html/first/index.html [2ms]
[2022-10-20T13:17:26.353Z] > git show --textconv :Bureau/exo_html/first/style.css [15ms]
[2022-10-20T13:17:26.354Z] > git ls-files --stage -- /home/kst_off/Bureau/exo_html/first/style.css [3ms]
[2022-10-20T13:18:47.085Z] > git show --textconv :Bureau/exo_html/first/index.html [16ms]
[2022-10-20T13:18:47.087Z] > git ls-files --stage -- /home/kst_off/Bureau/exo_html/first/index.html [3ms]
[2022-10-20T13:18:49.893Z] > git show --textconv :Bureau/exo_html/first/style.css [13ms]
[2022-10-20T13:18:49.894Z] > git ls-files --stage -- /home/kst_off/Bureau/exo_html/first/style.css [2ms]
[2022-10-20T13:24:57.385Z] > git show --textconv :Bureau/exo_html/first/index.html [12ms]
[2022-10-20T13:24:57.386Z] > git ls-files --stage -- /home/kst_off/Bureau/exo_html/first/index.html [1ms]
[2022-10-20T13:25:00.283Z] > git show --textconv :Bureau/exo_html/first/style.css [9ms]
[2022-10-20T13:25:00.284Z] > git ls-files --stage -- /home/kst_off/Bureau/exo_html/first/style.css [2ms]
[2022-10-20T13:25:45.107Z] > git check-ignore -v -z --stdin [2ms]
[2022-10-20T13:25:47.099Z] > git check-ignore -v -z --stdin [1ms]
[2022-10-20T13:26:05.110Z] > git check-ignore -v -z --stdin [1ms]
[2022-10-20T13:26:07.094Z] > git check-ignore -v -z --stdin [4ms]
[2022-10-20T13:28:37.752Z] > git show --textconv :Bureau/exo_html/first/index.html [11ms]
[2022-10-20T13:28:37.753Z] > git ls-files --stage -- /home/kst_off/Bureau/exo_html/first/index.html [3ms]
[2022-10-20T13:28:40.701Z] > git show --textconv :Bureau/exo_html/first/style.css [13ms]
[2022-10-20T13:28:40.702Z] > git ls-files --stage -- /home/kst_off/Bureau/exo_html/first/style.css [3ms]
[2022-10-20T13:28:43.756Z] > git show --textconv :Bureau/exo_html/first/index.html [21ms]
[2022-10-20T13:28:43.760Z] > git ls-files --stage -- /home/kst_off/Bureau/exo_html/first/index.html [4ms]
[2022-10-20T13:31:20.197Z] > git show --textconv :Bureau/exo_html/first/style.css [13ms]
[2022-10-20T13:31:20.198Z] > git ls-files --stage -- /home/kst_off/Bureau/exo_html/first/style.css [2ms]
[2022-10-20T13:36:11.328Z] > git show --textconv :Bureau/exo_html/first/index.html [8ms]
[2022-10-20T13:36:11.329Z] > git ls-files --stage -- /home/kst_off/Bureau/exo_html/first/index.html [1ms]
[2022-10-20T13:36:21.911Z] > git show --textconv :Bureau/exo_html/first/style.css [10ms]
[2022-10-20T13:36:21.912Z] > git ls-files --stage -- /home/kst_off/Bureau/exo_html/first/style.css [2ms]
