[2022-11-17 14:05:04.301] [exthost] [info] Extension host with pid 145 started
[2022-11-17 14:05:04.302] [exthost] [info] Skipping acquiring lock for /home/kst_off/.var/app/com.visualstudio.code/config/Code/User/workspaceStorage/d4f926b7641dd1d648c7ccaa08d81676.
[2022-11-17 14:05:04.373] [exthost] [info] ExtensionService#_doActivateExtension vscode.microsoft-authentication, startup: false, activationEvent: 'onAuthenticationRequest:microsoft'
[2022-11-17 14:05:04.400] [exthost] [info] ExtensionService#_doActivateExtension vscode.debug-auto-launch, startup: true, activationEvent: '*'
[2022-11-17 14:05:04.402] [exthost] [info] ExtensionService#_doActivateExtension vscode.git-base, startup: true, activationEvent: '*', root cause: vscode.git
[2022-11-17 14:05:04.405] [exthost] [info] ExtensionService#_doActivateExtension vscode.ipynb, startup: true, activationEvent: '*'
[2022-11-17 14:05:04.409] [exthost] [info] ExtensionService#_doActivateExtension mhutchie.git-graph, startup: true, activationEvent: '*'
[2022-11-17 14:05:04.427] [exthost] [info] ExtensionService#_doActivateExtension michelemelluso.code-beautifier, startup: true, activationEvent: '*'
[2022-11-17 14:05:04.448] [exthost] [info] ExtensionService#_doActivateExtension vscode.npm, startup: true, activationEvent: 'workspaceContains:package.json'
[2022-11-17 14:05:04.499] [exthost] [info] ExtensionService#_doActivateExtension vscode.git, startup: true, activationEvent: '*'
[2022-11-17 14:05:04.517] [exthost] [info] ExtensionService#_doActivateExtension vscode.github, startup: true, activationEvent: '*'
[2022-11-17 14:05:04.593] [exthost] [info] ExtensionService#_doActivateExtension vscode.github-authentication, startup: false, activationEvent: 'onAuthenticationRequest:github'
[2022-11-17 14:05:04.665] [exthost] [info] Eager extensions activated
[2022-11-17 14:05:04.671] [exthost] [info] ExtensionService#_doActivateExtension vscode.emmet, startup: false, activationEvent: 'onStartupFinished'
[2022-11-17 14:05:04.679] [exthost] [info] ExtensionService#_doActivateExtension vscode.merge-conflict, startup: false, activationEvent: 'onStartupFinished'
[2022-11-17 14:05:04.683] [exthost] [info] ExtensionService#_doActivateExtension eamodio.gitlens, startup: false, activationEvent: 'onStartupFinished'
[2022-11-17 14:05:04.740] [exthost] [info] ExtensionService#_doActivateExtension ritwickdey.LiveServer, startup: false, activationEvent: 'onStartupFinished'
[2022-11-17 14:05:08.437] [exthost] [warning] [Decorations] CAPPING events from decorations provider vscode.git 10000
[2022-11-17 14:05:09.462] [exthost] [warning] [Decorations] CAPPING events from decorations provider vscode.git 10000
[2022-11-17 14:07:17.225] [exthost] [warning] [Decorations] CAPPING events from decorations provider vscode.git 10007
[2022-11-17 14:16:42.774] [exthost] [info] ExtensionService#_doActivateExtension vscode.simple-browser, startup: false, activationEvent: 'onOpenExternalUri:https'
[2022-11-17 14:18:42.586] [exthost] [info] ExtensionService#_doActivateExtension vscode.configuration-editing, startup: false, activationEvent: 'onLanguage:json'
[2022-11-17 14:18:42.589] [exthost] [info] ExtensionService#_doActivateExtension vscode.extension-editing, startup: false, activationEvent: 'onLanguage:json'
[2022-11-17 14:18:42.614] [exthost] [info] ExtensionService#_doActivateExtension vscode.json-language-features, startup: false, activationEvent: 'onLanguage:json'
[2022-11-17 14:18:43.385] [exthost] [warning] TextEditor is closed/disposed
[2022-11-17 14:18:43.572] [exthost] [info] ExtensionService#_doActivateExtension vscode.typescript-language-features, startup: false, activationEvent: 'onLanguage:jsonc'
[2022-11-17 14:18:45.609] [exthost] [warning] TextEditor is closed/disposed
[2022-11-17 14:22:21.223] [exthost] [warning] [Decorations] CAPPING events from decorations provider vscode.git 588
[2022-11-17 14:22:26.422] [exthost] [warning] [Decorations] CAPPING events from decorations provider vscode.git 588
[2022-11-17 14:22:31.619] [exthost] [warning] [Decorations] CAPPING events from decorations provider vscode.git 588
[2022-11-17 14:22:36.818] [exthost] [warning] [Decorations] CAPPING events from decorations provider vscode.git 588
[2022-11-17 14:22:42.013] [exthost] [warning] [Decorations] CAPPING events from decorations provider vscode.git 588
[2022-11-17 14:22:47.208] [exthost] [warning] [Decorations] CAPPING events from decorations provider vscode.git 588
[2022-11-17 14:22:52.403] [exthost] [warning] [Decorations] CAPPING events from decorations provider vscode.git 588
[2022-11-17 14:22:57.623] [exthost] [warning] [Decorations] CAPPING events from decorations provider vscode.git 588
[2022-11-17 14:23:02.834] [exthost] [warning] [Decorations] CAPPING events from decorations provider vscode.git 588
[2022-11-17 14:23:08.032] [exthost] [warning] [Decorations] CAPPING events from decorations provider vscode.git 588
[2022-11-17 14:24:40.182] [exthost] [warning] [Decorations] CAPPING events from decorations provider vscode.git 728
[2022-11-17 14:24:45.402] [exthost] [warning] [Decorations] CAPPING events from decorations provider vscode.git 728
[2022-11-17 14:24:50.670] [exthost] [warning] [Decorations] CAPPING events from decorations provider vscode.git 728
[2022-11-17 14:25:00.090] [exthost] [warning] [Decorations] CAPPING events from decorations provider vscode.git 728
[2022-11-17 14:25:05.406] [exthost] [warning] [Decorations] CAPPING events from decorations provider vscode.git 734
[2022-11-17 14:25:10.634] [exthost] [warning] [Decorations] CAPPING events from decorations provider vscode.git 734
[2022-11-17 14:25:17.198] [exthost] [warning] [Decorations] CAPPING events from decorations provider vscode.git 737
