[2022-11-17T13:29:23.838Z] Niveau de journal : Info
[2022-11-17T13:29:23.841Z] [info] Validation du git trouvé dans : git
[2022-11-17T13:29:23.860Z] [info] Utilisation de git 2.37.3 à partir de git
[2022-11-17T13:29:23.876Z] > git rev-parse --show-toplevel [5ms]
[2022-11-17T13:29:23.903Z] > git rev-parse --git-dir --git-common-dir [20ms]
[2022-11-17T13:29:23.909Z] [info] Open repository: /home/kst_off
[2022-11-17T13:29:24.126Z] > git status -z -uall [210ms]
[2022-11-17T13:29:24.144Z] > git symbolic-ref --short HEAD [13ms]
[2022-11-17T13:29:24.175Z] > git for-each-ref --format=%(refname)%00%(upstream:short)%00%(objectname)%00%(upstream:track)%00%(upstream:remotename)%00%(upstream:remoteref) refs/heads/main refs/remotes/main [27ms]
[2022-11-17T13:29:24.187Z] > git remote --verbose [2ms]
[2022-11-17T13:29:24.188Z] > git for-each-ref --sort -committerdate --format %(refname) %(objectname) %(*objectname) [7ms]
[2022-11-17T13:29:24.217Z] > git config --get commit.template [7ms]
[2022-11-17T13:29:24.408Z] > git status -z -uall [184ms]
[2022-11-17T13:29:24.414Z] > git symbolic-ref --short HEAD [1ms]
[2022-11-17T13:29:24.424Z] > git for-each-ref --format=%(refname)%00%(upstream:short)%00%(objectname)%00%(upstream:track)%00%(upstream:remotename)%00%(upstream:remoteref) refs/heads/main refs/remotes/main [3ms]
[2022-11-17T13:29:24.436Z] > git for-each-ref --sort -committerdate --format %(refname) %(objectname) %(*objectname) [7ms]
[2022-11-17T13:29:24.436Z] > git remote --verbose [1ms]
[2022-11-17T13:29:24.452Z] > git config --get commit.template [1ms]
[2022-11-17T13:29:24.475Z] > git check-ignore -v -z --stdin [14ms]
[2022-11-17T13:29:26.583Z] > git status -z -uall [171ms]
[2022-11-17T13:29:26.589Z] > git symbolic-ref --short HEAD [2ms]
[2022-11-17T13:29:26.595Z] > git for-each-ref --format=%(refname)%00%(upstream:short)%00%(objectname)%00%(upstream:track)%00%(upstream:remotename)%00%(upstream:remoteref) refs/heads/main refs/remotes/main [2ms]
[2022-11-17T13:29:26.605Z] > git for-each-ref --sort -committerdate --format %(refname) %(objectname) %(*objectname) [5ms]
[2022-11-17T13:29:26.605Z] > git remote --verbose [1ms]
[2022-11-17T13:29:26.621Z] > git config --get commit.template [3ms]
[2022-11-17T13:29:33.667Z] > git status -z -uall [145ms]
[2022-11-17T13:29:33.673Z] > git symbolic-ref --short HEAD [1ms]
[2022-11-17T13:29:33.680Z] > git for-each-ref --format=%(refname)%00%(upstream:short)%00%(objectname)%00%(upstream:track)%00%(upstream:remotename)%00%(upstream:remoteref) refs/heads/main refs/remotes/main [2ms]
[2022-11-17T13:29:33.690Z] > git for-each-ref --sort -committerdate --format %(refname) %(objectname) %(*objectname) [5ms]
[2022-11-17T13:29:33.690Z] > git remote --verbose [1ms]
[2022-11-17T13:29:33.703Z] > git config --get commit.template [1ms]
[2022-11-17T13:29:35.275Z] > git check-ignore -v -z --stdin [35ms]
[2022-11-17T13:29:38.880Z] > git status -z -uall [166ms]
[2022-11-17T13:29:38.888Z] > git symbolic-ref --short HEAD [1ms]
[2022-11-17T13:29:38.895Z] > git for-each-ref --format=%(refname)%00%(upstream:short)%00%(objectname)%00%(upstream:track)%00%(upstream:remotename)%00%(upstream:remoteref) refs/heads/main refs/remotes/main [2ms]
[2022-11-17T13:29:38.908Z] > git for-each-ref --sort -committerdate --format %(refname) %(objectname) %(*objectname) [6ms]
[2022-11-17T13:29:38.909Z] > git remote --verbose [2ms]
[2022-11-17T13:29:38.929Z] > git config --get commit.template [3ms]
